{"D:\\py\\otus\\pyweb\\course-site-front-react\\components\\Footer.js": {"path":"D:\\py\\otus\\pyweb\\course-site-front-react\\components\\Footer.js","statementMap":{"0":{"start":{"line":10,"column":15},"end":{"line":65,"column":1}},"1":{"start":{"line":11,"column":4},"end":{"line":64,"column":10}}},"fnMap":{"0":{"name":"(anonymous_0)","decl":{"start":{"line":10,"column":15},"end":{"line":10,"column":16}},"loc":{"start":{"line":11,"column":4},"end":{"line":64,"column":10}},"line":11}},"branchMap":{},"s":{"0":1,"1":1},"f":{"0":1},"b":{},"_coverageSchema":"1a1c01bbd47fc00a2c39e90264f33305004495a9","hash":"d0746aafcd35f799bf930d23d35613fafaa006f3"}
,"D:\\py\\otus\\pyweb\\course-site-front-react\\components\\Layout.js": {"path":"D:\\py\\otus\\pyweb\\course-site-front-react\\components\\Layout.js","statementMap":{"0":{"start":{"line":7,"column":15},"end":{"line":37,"column":1}},"1":{"start":{"line":8,"column":2},"end":{"line":36,"column":8}},"2":{"start":{"line":39,"column":24},"end":{"line":41,"column":1}},"3":{"start":{"line":40,"column":0},"end":{"line":40,"column":47}}},"fnMap":{"0":{"name":"(anonymous_0)","decl":{"start":{"line":7,"column":15},"end":{"line":7,"column":16}},"loc":{"start":{"line":8,"column":2},"end":{"line":36,"column":8}},"line":8},"1":{"name":"(anonymous_1)","decl":{"start":{"line":39,"column":24},"end":{"line":39,"column":25}},"loc":{"start":{"line":40,"column":0},"end":{"line":40,"column":47}},"line":40}},"branchMap":{"0":{"loc":{"start":{"line":11,"column":9},"end":{"line":11,"column":35}},"type":"cond-expr","locations":[{"start":{"line":11,"column":17},"end":{"line":11,"column":30}},{"start":{"line":11,"column":33},"end":{"line":11,"column":35}}],"line":11},"1":{"loc":{"start":{"line":14,"column":7},"end":{"line":14,"column":77}},"type":"cond-expr","locations":[{"start":{"line":14,"column":21},"end":{"line":14,"column":70}},{"start":{"line":14,"column":73},"end":{"line":14,"column":77}}],"line":14}},"s":{"0":0,"1":0,"2":0,"3":0},"f":{"0":0,"1":0},"b":{"0":[0,0],"1":[0,0]}}
,"D:\\py\\otus\\pyweb\\course-site-front-react\\components\\Navbar.js": {"path":"D:\\py\\otus\\pyweb\\course-site-front-react\\components\\Navbar.js","statementMap":{"0":{"start":{"line":7,"column":15},"end":{"line":80,"column":1}},"1":{"start":{"line":8,"column":2},"end":{"line":79,"column":8}}},"fnMap":{"0":{"name":"(anonymous_0)","decl":{"start":{"line":7,"column":15},"end":{"line":7,"column":16}},"loc":{"start":{"line":8,"column":2},"end":{"line":79,"column":8}},"line":8}},"branchMap":{"0":{"loc":{"start":{"line":44,"column":23},"end":{"line":50,"column":28}},"type":"binary-expr","locations":[{"start":{"line":44,"column":23},"end":{"line":44,"column":45}},{"start":{"line":44,"column":50},"end":{"line":50,"column":27}}],"line":44},"1":{"loc":{"start":{"line":51,"column":23},"end":{"line":57,"column":28}},"type":"binary-expr","locations":[{"start":{"line":51,"column":23},"end":{"line":51,"column":44}},{"start":{"line":51,"column":49},"end":{"line":57,"column":27}}],"line":51},"2":{"loc":{"start":{"line":58,"column":23},"end":{"line":64,"column":28}},"type":"binary-expr","locations":[{"start":{"line":58,"column":23},"end":{"line":58,"column":44}},{"start":{"line":58,"column":49},"end":{"line":64,"column":27}}],"line":58},"3":{"loc":{"start":{"line":65,"column":23},"end":{"line":69,"column":28}},"type":"binary-expr","locations":[{"start":{"line":65,"column":23},"end":{"line":65,"column":44}},{"start":{"line":65,"column":49},"end":{"line":69,"column":27}}],"line":65},"4":{"loc":{"start":{"line":70,"column":23},"end":{"line":74,"column":28}},"type":"binary-expr","locations":[{"start":{"line":70,"column":23},"end":{"line":70,"column":44}},{"start":{"line":70,"column":49},"end":{"line":74,"column":27}}],"line":70}},"s":{"0":1,"1":3},"f":{"0":3},"b":{"0":[3,2],"1":[3,1],"2":[3,1],"3":[3,1],"4":[3,1]},"_coverageSchema":"1a1c01bbd47fc00a2c39e90264f33305004495a9","hash":"0839c10ba24a46a56a0506a9eb560fd7b4747dbf"}
,"D:\\py\\otus\\pyweb\\course-site-front-react\\components\\GradePage\\AddGrade.js": {"path":"D:\\py\\otus\\pyweb\\course-site-front-react\\components\\GradePage\\AddGrade.js","statementMap":{"0":{"start":{"line":7,"column":4},"end":{"line":7,"column":17}},"1":{"start":{"line":8,"column":4},"end":{"line":15,"column":6}},"2":{"start":{"line":17,"column":17},"end":{"line":28,"column":3}},"3":{"start":{"line":18,"column":4},"end":{"line":18,"column":23}},"4":{"start":{"line":19,"column":21},"end":{"line":24,"column":6}},"5":{"start":{"line":25,"column":4},"end":{"line":27,"column":5}},"6":{"start":{"line":26,"column":6},"end":{"line":26,"column":33}},"7":{"start":{"line":30,"column":4},"end":{"line":64,"column":10}},"8":{"start":{"line":46,"column":39},"end":{"line":46,"column":80}},"9":{"start":{"line":58,"column":37},"end":{"line":58,"column":77}}},"fnMap":{"0":{"name":"(anonymous_0)","decl":{"start":{"line":6,"column":2},"end":{"line":6,"column":3}},"loc":{"start":{"line":6,"column":21},"end":{"line":16,"column":3}},"line":6},"1":{"name":"(anonymous_1)","decl":{"start":{"line":17,"column":17},"end":{"line":17,"column":18}},"loc":{"start":{"line":17,"column":30},"end":{"line":28,"column":3}},"line":17},"2":{"name":"(anonymous_2)","decl":{"start":{"line":29,"column":2},"end":{"line":29,"column":3}},"loc":{"start":{"line":29,"column":11},"end":{"line":65,"column":3}},"line":29},"3":{"name":"(anonymous_3)","decl":{"start":{"line":46,"column":34},"end":{"line":46,"column":35}},"loc":{"start":{"line":46,"column":39},"end":{"line":46,"column":80}},"line":46},"4":{"name":"(anonymous_4)","decl":{"start":{"line":58,"column":32},"end":{"line":58,"column":33}},"loc":{"start":{"line":58,"column":37},"end":{"line":58,"column":77}},"line":58}},"branchMap":{"0":{"loc":{"start":{"line":25,"column":4},"end":{"line":27,"column":5}},"type":"if","locations":[{"start":{"line":25,"column":4},"end":{"line":27,"column":5}},{"start":{"line":25,"column":4},"end":{"line":27,"column":5}}],"line":25}},"s":{"0":3,"1":3,"2":3,"3":0,"4":0,"5":0,"6":0,"7":5,"8":1,"9":1},"f":{"0":3,"1":0,"2":5,"3":1,"4":1},"b":{"0":[0,0]},"_coverageSchema":"1a1c01bbd47fc00a2c39e90264f33305004495a9","hash":"d6c868116bf53073482d80eee50cac3107c1c4d6"}
,"D:\\py\\otus\\pyweb\\course-site-front-react\\components\\GradePage\\GradeSection.js": {"path":"D:\\py\\otus\\pyweb\\course-site-front-react\\components\\GradePage\\GradeSection.js","statementMap":{"0":{"start":{"line":5,"column":21},"end":{"line":11,"column":1}},"1":{"start":{"line":6,"column":2},"end":{"line":10,"column":8}}},"fnMap":{"0":{"name":"(anonymous_0)","decl":{"start":{"line":5,"column":21},"end":{"line":5,"column":22}},"loc":{"start":{"line":6,"column":2},"end":{"line":10,"column":8}},"line":6}},"branchMap":{"0":{"loc":{"start":{"line":7,"column":5},"end":{"line":9,"column":127}},"type":"binary-expr","locations":[{"start":{"line":7,"column":6},"end":{"line":7,"column":27}},{"start":{"line":8,"column":6},"end":{"line":8,"column":91}},{"start":{"line":9,"column":10},"end":{"line":9,"column":127}}],"line":7}},"s":{"0":1,"1":3},"f":{"0":3},"b":{"0":[3,0,3]},"_coverageSchema":"1a1c01bbd47fc00a2c39e90264f33305004495a9","hash":"9189d1e48b3b4ce8507c82de5c29f8b17bb2c190"}
,"D:\\py\\otus\\pyweb\\course-site-front-react\\components\\GradePage\\UpdateGrade.js": {"path":"D:\\py\\otus\\pyweb\\course-site-front-react\\components\\GradePage\\UpdateGrade.js","statementMap":{"0":{"start":{"line":7,"column":4},"end":{"line":7,"column":17}},"1":{"start":{"line":8,"column":4},"end":{"line":15,"column":6}},"2":{"start":{"line":17,"column":17},"end":{"line":28,"column":3}},"3":{"start":{"line":18,"column":4},"end":{"line":18,"column":23}},"4":{"start":{"line":19,"column":21},"end":{"line":24,"column":6}},"5":{"start":{"line":25,"column":4},"end":{"line":27,"column":5}},"6":{"start":{"line":26,"column":6},"end":{"line":26,"column":32}},"7":{"start":{"line":30,"column":4},"end":{"line":64,"column":10}},"8":{"start":{"line":46,"column":39},"end":{"line":46,"column":80}},"9":{"start":{"line":58,"column":37},"end":{"line":58,"column":77}}},"fnMap":{"0":{"name":"(anonymous_0)","decl":{"start":{"line":6,"column":2},"end":{"line":6,"column":3}},"loc":{"start":{"line":6,"column":21},"end":{"line":16,"column":3}},"line":6},"1":{"name":"(anonymous_1)","decl":{"start":{"line":17,"column":17},"end":{"line":17,"column":18}},"loc":{"start":{"line":17,"column":30},"end":{"line":28,"column":3}},"line":17},"2":{"name":"(anonymous_2)","decl":{"start":{"line":29,"column":2},"end":{"line":29,"column":3}},"loc":{"start":{"line":29,"column":11},"end":{"line":65,"column":3}},"line":29},"3":{"name":"(anonymous_3)","decl":{"start":{"line":46,"column":34},"end":{"line":46,"column":35}},"loc":{"start":{"line":46,"column":39},"end":{"line":46,"column":80}},"line":46},"4":{"name":"(anonymous_4)","decl":{"start":{"line":58,"column":32},"end":{"line":58,"column":33}},"loc":{"start":{"line":58,"column":37},"end":{"line":58,"column":77}},"line":58}},"branchMap":{"0":{"loc":{"start":{"line":25,"column":4},"end":{"line":27,"column":5}},"type":"if","locations":[{"start":{"line":25,"column":4},"end":{"line":27,"column":5}},{"start":{"line":25,"column":4},"end":{"line":27,"column":5}}],"line":25}},"s":{"0":6,"1":6,"2":6,"3":0,"4":0,"5":0,"6":0,"7":8,"8":1,"9":1},"f":{"0":6,"1":0,"2":8,"3":1,"4":1},"b":{"0":[0,0]},"_coverageSchema":"1a1c01bbd47fc00a2c39e90264f33305004495a9","hash":"ae8f1d65d1d43cc64fb93386fa68d209c68c5c31"}
,"D:\\py\\otus\\pyweb\\course-site-front-react\\components\\GroupPage\\LessonSection.js": {"path":"D:\\py\\otus\\pyweb\\course-site-front-react\\components\\GroupPage\\LessonSection.js","statementMap":{"0":{"start":{"line":5,"column":22},"end":{"line":29,"column":1}},"1":{"start":{"line":6,"column":2},"end":{"line":28,"column":8}},"2":{"start":{"line":8,"column":6},"end":{"line":26,"column":12}}},"fnMap":{"0":{"name":"(anonymous_0)","decl":{"start":{"line":5,"column":22},"end":{"line":5,"column":23}},"loc":{"start":{"line":6,"column":2},"end":{"line":28,"column":8}},"line":6},"1":{"name":"(anonymous_1)","decl":{"start":{"line":7,"column":23},"end":{"line":7,"column":24}},"loc":{"start":{"line":8,"column":6},"end":{"line":26,"column":12}},"line":8}},"branchMap":{},"s":{"0":2,"1":8,"2":2},"f":{"0":8,"1":2},"b":{},"_coverageSchema":"1a1c01bbd47fc00a2c39e90264f33305004495a9","hash":"060ede22a1ba05241134f33611c41f58475f101d"}
,"D:\\py\\otus\\pyweb\\course-site-front-react\\components\\GroupPage\\ModuleSection.js": {"path":"D:\\py\\otus\\pyweb\\course-site-front-react\\components\\GroupPage\\ModuleSection.js","statementMap":{"0":{"start":{"line":5,"column":22},"end":{"line":15,"column":1}},"1":{"start":{"line":6,"column":2},"end":{"line":14,"column":8}},"2":{"start":{"line":8,"column":6},"end":{"line":12,"column":12}}},"fnMap":{"0":{"name":"(anonymous_0)","decl":{"start":{"line":5,"column":22},"end":{"line":5,"column":23}},"loc":{"start":{"line":6,"column":2},"end":{"line":14,"column":8}},"line":6},"1":{"name":"(anonymous_1)","decl":{"start":{"line":7,"column":23},"end":{"line":7,"column":24}},"loc":{"start":{"line":8,"column":6},"end":{"line":12,"column":12}},"line":8}},"branchMap":{},"s":{"0":1,"1":2,"2":6},"f":{"0":2,"1":6},"b":{},"_coverageSchema":"1a1c01bbd47fc00a2c39e90264f33305004495a9","hash":"139328f326f60fa9bc82f6af02559d3c9b4af1b0"}
,"D:\\py\\otus\\pyweb\\course-site-front-react\\components\\InnerSanctum\\StudentsHomework.js": {"path":"D:\\py\\otus\\pyweb\\course-site-front-react\\components\\InnerSanctum\\StudentsHomework.js","statementMap":{"0":{"start":{"line":5,"column":25},"end":{"line":36,"column":1}},"1":{"start":{"line":6,"column":2},"end":{"line":35,"column":8}},"2":{"start":{"line":20,"column":10},"end":{"line":30,"column":15}}},"fnMap":{"0":{"name":"(anonymous_0)","decl":{"start":{"line":5,"column":25},"end":{"line":5,"column":26}},"loc":{"start":{"line":6,"column":2},"end":{"line":35,"column":8}},"line":6},"1":{"name":"(anonymous_1)","decl":{"start":{"line":19,"column":28},"end":{"line":19,"column":29}},"loc":{"start":{"line":20,"column":10},"end":{"line":30,"column":15}},"line":20}},"branchMap":{"0":{"loc":{"start":{"line":22,"column":17},"end":{"line":22,"column":60}},"type":"cond-expr","locations":[{"start":{"line":22,"column":34},"end":{"line":22,"column":55}},{"start":{"line":22,"column":58},"end":{"line":22,"column":60}}],"line":22},"1":{"loc":{"start":{"line":23,"column":17},"end":{"line":23,"column":59}},"type":"cond-expr","locations":[{"start":{"line":23,"column":34},"end":{"line":23,"column":54}},{"start":{"line":23,"column":57},"end":{"line":23,"column":59}}],"line":23},"2":{"loc":{"start":{"line":24,"column":17},"end":{"line":24,"column":71}},"type":"cond-expr","locations":[{"start":{"line":24,"column":34},"end":{"line":24,"column":66}},{"start":{"line":24,"column":69},"end":{"line":24,"column":71}}],"line":24}},"s":{"0":1,"1":2,"2":4},"f":{"0":2,"1":4},"b":{"0":[4,0],"1":[4,0],"2":[4,0]},"_coverageSchema":"1a1c01bbd47fc00a2c39e90264f33305004495a9","hash":"9f437451b1bce971ebb62803ee3ba443b99c8d83"}
,"D:\\py\\otus\\pyweb\\course-site-front-react\\components\\MyCourses\\PartnerCourses.js": {"path":"D:\\py\\otus\\pyweb\\course-site-front-react\\components\\MyCourses\\PartnerCourses.js","statementMap":{"0":{"start":{"line":4,"column":23},"end":{"line":12,"column":1}},"1":{"start":{"line":5,"column":2},"end":{"line":11,"column":8}}},"fnMap":{"0":{"name":"(anonymous_0)","decl":{"start":{"line":4,"column":23},"end":{"line":4,"column":24}},"loc":{"start":{"line":5,"column":2},"end":{"line":11,"column":8}},"line":5}},"branchMap":{},"s":{"0":0,"1":0},"f":{"0":0},"b":{}}
,"D:\\py\\otus\\pyweb\\course-site-front-react\\components\\MyCourses\\StudentCourses.js": {"path":"D:\\py\\otus\\pyweb\\course-site-front-react\\components\\MyCourses\\StudentCourses.js","statementMap":{"0":{"start":{"line":5,"column":23},"end":{"line":25,"column":1}},"1":{"start":{"line":6,"column":2},"end":{"line":24,"column":8}},"2":{"start":{"line":11,"column":8},"end":{"line":21,"column":14}}},"fnMap":{"0":{"name":"(anonymous_0)","decl":{"start":{"line":5,"column":23},"end":{"line":5,"column":24}},"loc":{"start":{"line":6,"column":2},"end":{"line":24,"column":8}},"line":6},"1":{"name":"(anonymous_1)","decl":{"start":{"line":10,"column":24},"end":{"line":10,"column":25}},"loc":{"start":{"line":11,"column":8},"end":{"line":21,"column":14}},"line":11}},"branchMap":{},"s":{"0":1,"1":2,"2":2},"f":{"0":2,"1":2},"b":{},"_coverageSchema":"1a1c01bbd47fc00a2c39e90264f33305004495a9","hash":"8fbca9bd5e7883ddd9098a6fc361889821059e7f"}
,"D:\\py\\otus\\pyweb\\course-site-front-react\\components\\MyCourses\\TeacherGroups.js": {"path":"D:\\py\\otus\\pyweb\\course-site-front-react\\components\\MyCourses\\TeacherGroups.js","statementMap":{"0":{"start":{"line":4,"column":22},"end":{"line":24,"column":1}},"1":{"start":{"line":5,"column":2},"end":{"line":23,"column":8}},"2":{"start":{"line":10,"column":8},"end":{"line":20,"column":14}}},"fnMap":{"0":{"name":"(anonymous_0)","decl":{"start":{"line":4,"column":22},"end":{"line":4,"column":23}},"loc":{"start":{"line":5,"column":2},"end":{"line":23,"column":8}},"line":5},"1":{"name":"(anonymous_1)","decl":{"start":{"line":9,"column":24},"end":{"line":9,"column":25}},"loc":{"start":{"line":10,"column":8},"end":{"line":20,"column":14}},"line":10}},"branchMap":{},"s":{"0":1,"1":2,"2":2},"f":{"0":2,"1":2},"b":{},"_coverageSchema":"1a1c01bbd47fc00a2c39e90264f33305004495a9","hash":"e7e77915b10142d22d154df2be7a7ffa57d6105c"}
,"D:\\py\\otus\\pyweb\\course-site-front-react\\components\\ProfilePage\\MainProfileSection.js": {"path":"D:\\py\\otus\\pyweb\\course-site-front-react\\components\\ProfilePage\\MainProfileSection.js","statementMap":{"0":{"start":{"line":11,"column":4},"end":{"line":11,"column":17}},"1":{"start":{"line":12,"column":4},"end":{"line":17,"column":6}},"2":{"start":{"line":20,"column":17},"end":{"line":31,"column":3}},"3":{"start":{"line":21,"column":4},"end":{"line":21,"column":23}},"4":{"start":{"line":22,"column":21},"end":{"line":27,"column":6}},"5":{"start":{"line":28,"column":4},"end":{"line":30,"column":5}},"6":{"start":{"line":29,"column":6},"end":{"line":29,"column":41}},"7":{"start":{"line":33,"column":4},"end":{"line":90,"column":10}},"8":{"start":{"line":53,"column":40},"end":{"line":53,"column":85}},"9":{"start":{"line":60,"column":40},"end":{"line":60,"column":84}},"10":{"start":{"line":75,"column":40},"end":{"line":75,"column":87}}},"fnMap":{"0":{"name":"(anonymous_0)","decl":{"start":{"line":10,"column":2},"end":{"line":10,"column":3}},"loc":{"start":{"line":10,"column":21},"end":{"line":18,"column":3}},"line":10},"1":{"name":"(anonymous_1)","decl":{"start":{"line":20,"column":17},"end":{"line":20,"column":18}},"loc":{"start":{"line":20,"column":30},"end":{"line":31,"column":3}},"line":20},"2":{"name":"(anonymous_2)","decl":{"start":{"line":32,"column":2},"end":{"line":32,"column":3}},"loc":{"start":{"line":32,"column":11},"end":{"line":91,"column":3}},"line":32},"3":{"name":"(anonymous_3)","decl":{"start":{"line":53,"column":35},"end":{"line":53,"column":36}},"loc":{"start":{"line":53,"column":40},"end":{"line":53,"column":85}},"line":53},"4":{"name":"(anonymous_4)","decl":{"start":{"line":60,"column":35},"end":{"line":60,"column":36}},"loc":{"start":{"line":60,"column":40},"end":{"line":60,"column":84}},"line":60},"5":{"name":"(anonymous_5)","decl":{"start":{"line":75,"column":35},"end":{"line":75,"column":36}},"loc":{"start":{"line":75,"column":40},"end":{"line":75,"column":87}},"line":75}},"branchMap":{"0":{"loc":{"start":{"line":28,"column":4},"end":{"line":30,"column":5}},"type":"if","locations":[{"start":{"line":28,"column":4},"end":{"line":30,"column":5}},{"start":{"line":28,"column":4},"end":{"line":30,"column":5}}],"line":28},"1":{"loc":{"start":{"line":39,"column":13},"end":{"line":42,"column":63}},"type":"cond-expr","locations":[{"start":{"line":39,"column":47},"end":{"line":42,"column":58}},{"start":{"line":42,"column":61},"end":{"line":42,"column":63}}],"line":39},"2":{"loc":{"start":{"line":43,"column":13},"end":{"line":43,"column":116}},"type":"cond-expr","locations":[{"start":{"line":43,"column":47},"end":{"line":43,"column":111}},{"start":{"line":43,"column":114},"end":{"line":43,"column":116}}],"line":43},"3":{"loc":{"start":{"line":44,"column":13},"end":{"line":44,"column":114}},"type":"cond-expr","locations":[{"start":{"line":44,"column":47},"end":{"line":44,"column":109}},{"start":{"line":44,"column":112},"end":{"line":44,"column":114}}],"line":44},"4":{"loc":{"start":{"line":84,"column":13},"end":{"line":84,"column":136}},"type":"cond-expr","locations":[{"start":{"line":84,"column":47},"end":{"line":84,"column":131}},{"start":{"line":84,"column":134},"end":{"line":84,"column":136}}],"line":84},"5":{"loc":{"start":{"line":85,"column":13},"end":{"line":85,"column":136}},"type":"cond-expr","locations":[{"start":{"line":85,"column":47},"end":{"line":85,"column":131}},{"start":{"line":85,"column":134},"end":{"line":85,"column":136}}],"line":85},"6":{"loc":{"start":{"line":86,"column":13},"end":{"line":86,"column":136}},"type":"cond-expr","locations":[{"start":{"line":86,"column":47},"end":{"line":86,"column":131}},{"start":{"line":86,"column":134},"end":{"line":86,"column":136}}],"line":86}},"s":{"0":0,"1":0,"2":0,"3":0,"4":0,"5":0,"6":0,"7":0,"8":0,"9":0,"10":0},"f":{"0":0,"1":0,"2":0,"3":0,"4":0,"5":0},"b":{"0":[0,0],"1":[0,0],"2":[0,0],"3":[0,0],"4":[0,0],"5":[0,0],"6":[0,0]}}
,"D:\\py\\otus\\pyweb\\course-site-front-react\\components\\ProfilePage\\PartnerProfile.js": {"path":"D:\\py\\otus\\pyweb\\course-site-front-react\\components\\ProfilePage\\PartnerProfile.js","statementMap":{"0":{"start":{"line":5,"column":23},"end":{"line":9,"column":1}},"1":{"start":{"line":6,"column":2},"end":{"line":8,"column":9}}},"fnMap":{"0":{"name":"(anonymous_0)","decl":{"start":{"line":5,"column":23},"end":{"line":5,"column":24}},"loc":{"start":{"line":6,"column":2},"end":{"line":8,"column":9}},"line":6}},"branchMap":{},"s":{"0":0,"1":0},"f":{"0":0},"b":{}}
,"D:\\py\\otus\\pyweb\\course-site-front-react\\components\\ProfilePage\\ProfileAvatar.js": {"path":"D:\\py\\otus\\pyweb\\course-site-front-react\\components\\ProfilePage\\ProfileAvatar.js","statementMap":{"0":{"start":{"line":8,"column":4},"end":{"line":8,"column":17}},"1":{"start":{"line":9,"column":4},"end":{"line":11,"column":6}},"2":{"start":{"line":13,"column":17},"end":{"line":26,"column":3}},"3":{"start":{"line":14,"column":4},"end":{"line":14,"column":23}},"4":{"start":{"line":15,"column":20},"end":{"line":15,"column":34}},"5":{"start":{"line":16,"column":4},"end":{"line":16,"column":50}},"6":{"start":{"line":17,"column":21},"end":{"line":22,"column":6}},"7":{"start":{"line":23,"column":4},"end":{"line":25,"column":5}},"8":{"start":{"line":24,"column":6},"end":{"line":24,"column":45}},"9":{"start":{"line":28,"column":4},"end":{"line":40,"column":10}},"10":{"start":{"line":36,"column":30},"end":{"line":36,"column":74}}},"fnMap":{"0":{"name":"(anonymous_0)","decl":{"start":{"line":7,"column":2},"end":{"line":7,"column":3}},"loc":{"start":{"line":7,"column":21},"end":{"line":12,"column":3}},"line":7},"1":{"name":"(anonymous_1)","decl":{"start":{"line":13,"column":17},"end":{"line":13,"column":18}},"loc":{"start":{"line":13,"column":30},"end":{"line":26,"column":3}},"line":13},"2":{"name":"(anonymous_2)","decl":{"start":{"line":27,"column":2},"end":{"line":27,"column":3}},"loc":{"start":{"line":27,"column":11},"end":{"line":41,"column":3}},"line":27},"3":{"name":"(anonymous_3)","decl":{"start":{"line":36,"column":25},"end":{"line":36,"column":26}},"loc":{"start":{"line":36,"column":30},"end":{"line":36,"column":74}},"line":36}},"branchMap":{"0":{"loc":{"start":{"line":23,"column":4},"end":{"line":25,"column":5}},"type":"if","locations":[{"start":{"line":23,"column":4},"end":{"line":25,"column":5}},{"start":{"line":23,"column":4},"end":{"line":25,"column":5}}],"line":23},"1":{"loc":{"start":{"line":29,"column":7},"end":{"line":29,"column":124}},"type":"cond-expr","locations":[{"start":{"line":29,"column":27},"end":{"line":29,"column":71}},{"start":{"line":29,"column":74},"end":{"line":29,"column":124}}],"line":29}},"s":{"0":0,"1":0,"2":0,"3":0,"4":0,"5":0,"6":0,"7":0,"8":0,"9":0,"10":0},"f":{"0":0,"1":0,"2":0,"3":0},"b":{"0":[0,0],"1":[0,0]}}
,"D:\\py\\otus\\pyweb\\course-site-front-react\\components\\ProfilePage\\StudentProfile.js": {"path":"D:\\py\\otus\\pyweb\\course-site-front-react\\components\\ProfilePage\\StudentProfile.js","statementMap":{"0":{"start":{"line":8,"column":4},"end":{"line":8,"column":17}},"1":{"start":{"line":9,"column":4},"end":{"line":23,"column":6}},"2":{"start":{"line":25,"column":17},"end":{"line":36,"column":3}},"3":{"start":{"line":26,"column":4},"end":{"line":26,"column":23}},"4":{"start":{"line":27,"column":21},"end":{"line":32,"column":6}},"5":{"start":{"line":33,"column":4},"end":{"line":35,"column":5}},"6":{"start":{"line":34,"column":6},"end":{"line":34,"column":41}},"7":{"start":{"line":38,"column":4},"end":{"line":150,"column":11}},"8":{"start":{"line":43,"column":32},"end":{"line":43,"column":81}},"9":{"start":{"line":50,"column":32},"end":{"line":50,"column":80}},"10":{"start":{"line":57,"column":32},"end":{"line":57,"column":75}},"11":{"start":{"line":64,"column":32},"end":{"line":64,"column":77}},"12":{"start":{"line":72,"column":35},"end":{"line":72,"column":73}},"13":{"start":{"line":85,"column":35},"end":{"line":85,"column":77}},"14":{"start":{"line":99,"column":32},"end":{"line":99,"column":71}},"15":{"start":{"line":106,"column":32},"end":{"line":106,"column":74}},"16":{"start":{"line":113,"column":32},"end":{"line":113,"column":75}},"17":{"start":{"line":121,"column":35},"end":{"line":121,"column":94}},"18":{"start":{"line":128,"column":35},"end":{"line":128,"column":94}},"19":{"start":{"line":135,"column":35},"end":{"line":135,"column":88}},"20":{"start":{"line":142,"column":35},"end":{"line":142,"column":92}}},"fnMap":{"0":{"name":"(anonymous_0)","decl":{"start":{"line":7,"column":2},"end":{"line":7,"column":3}},"loc":{"start":{"line":7,"column":21},"end":{"line":24,"column":3}},"line":7},"1":{"name":"(anonymous_1)","decl":{"start":{"line":25,"column":17},"end":{"line":25,"column":18}},"loc":{"start":{"line":25,"column":30},"end":{"line":36,"column":3}},"line":25},"2":{"name":"(anonymous_2)","decl":{"start":{"line":37,"column":2},"end":{"line":37,"column":3}},"loc":{"start":{"line":37,"column":11},"end":{"line":151,"column":3}},"line":37},"3":{"name":"(anonymous_3)","decl":{"start":{"line":43,"column":27},"end":{"line":43,"column":28}},"loc":{"start":{"line":43,"column":32},"end":{"line":43,"column":81}},"line":43},"4":{"name":"(anonymous_4)","decl":{"start":{"line":50,"column":27},"end":{"line":50,"column":28}},"loc":{"start":{"line":50,"column":32},"end":{"line":50,"column":80}},"line":50},"5":{"name":"(anonymous_5)","decl":{"start":{"line":57,"column":27},"end":{"line":57,"column":28}},"loc":{"start":{"line":57,"column":32},"end":{"line":57,"column":75}},"line":57},"6":{"name":"(anonymous_6)","decl":{"start":{"line":64,"column":27},"end":{"line":64,"column":28}},"loc":{"start":{"line":64,"column":32},"end":{"line":64,"column":77}},"line":64},"7":{"name":"(anonymous_7)","decl":{"start":{"line":72,"column":30},"end":{"line":72,"column":31}},"loc":{"start":{"line":72,"column":35},"end":{"line":72,"column":73}},"line":72},"8":{"name":"(anonymous_8)","decl":{"start":{"line":85,"column":30},"end":{"line":85,"column":31}},"loc":{"start":{"line":85,"column":35},"end":{"line":85,"column":77}},"line":85},"9":{"name":"(anonymous_9)","decl":{"start":{"line":99,"column":27},"end":{"line":99,"column":28}},"loc":{"start":{"line":99,"column":32},"end":{"line":99,"column":71}},"line":99},"10":{"name":"(anonymous_10)","decl":{"start":{"line":106,"column":27},"end":{"line":106,"column":28}},"loc":{"start":{"line":106,"column":32},"end":{"line":106,"column":74}},"line":106},"11":{"name":"(anonymous_11)","decl":{"start":{"line":113,"column":27},"end":{"line":113,"column":28}},"loc":{"start":{"line":113,"column":32},"end":{"line":113,"column":75}},"line":113},"12":{"name":"(anonymous_12)","decl":{"start":{"line":121,"column":29},"end":{"line":121,"column":30}},"loc":{"start":{"line":121,"column":35},"end":{"line":121,"column":94}},"line":121},"13":{"name":"(anonymous_13)","decl":{"start":{"line":128,"column":29},"end":{"line":128,"column":30}},"loc":{"start":{"line":128,"column":35},"end":{"line":128,"column":94}},"line":128},"14":{"name":"(anonymous_14)","decl":{"start":{"line":135,"column":29},"end":{"line":135,"column":30}},"loc":{"start":{"line":135,"column":35},"end":{"line":135,"column":88}},"line":135},"15":{"name":"(anonymous_15)","decl":{"start":{"line":142,"column":29},"end":{"line":142,"column":30}},"loc":{"start":{"line":142,"column":35},"end":{"line":142,"column":92}},"line":142}},"branchMap":{"0":{"loc":{"start":{"line":33,"column":4},"end":{"line":35,"column":5}},"type":"if","locations":[{"start":{"line":33,"column":4},"end":{"line":35,"column":5}},{"start":{"line":33,"column":4},"end":{"line":35,"column":5}}],"line":33}},"s":{"0":0,"1":0,"2":0,"3":0,"4":0,"5":0,"6":0,"7":0,"8":0,"9":0,"10":0,"11":0,"12":0,"13":0,"14":0,"15":0,"16":0,"17":0,"18":0,"19":0,"20":0},"f":{"0":0,"1":0,"2":0,"3":0,"4":0,"5":0,"6":0,"7":0,"8":0,"9":0,"10":0,"11":0,"12":0,"13":0,"14":0,"15":0},"b":{"0":[0,0]}}
,"D:\\py\\otus\\pyweb\\course-site-front-react\\components\\ProfilePage\\TeacherProfile.js": {"path":"D:\\py\\otus\\pyweb\\course-site-front-react\\components\\ProfilePage\\TeacherProfile.js","statementMap":{"0":{"start":{"line":5,"column":23},"end":{"line":9,"column":1}},"1":{"start":{"line":6,"column":2},"end":{"line":8,"column":9}}},"fnMap":{"0":{"name":"(anonymous_0)","decl":{"start":{"line":5,"column":23},"end":{"line":5,"column":24}},"loc":{"start":{"line":6,"column":2},"end":{"line":8,"column":9}},"line":6}},"branchMap":{},"s":{"0":0,"1":0},"f":{"0":0},"b":{}}
,"D:\\py\\otus\\pyweb\\course-site-front-react\\components\\indexPage\\CoursesSection.js": {"path":"D:\\py\\otus\\pyweb\\course-site-front-react\\components\\indexPage\\CoursesSection.js","statementMap":{"0":{"start":{"line":5,"column":23},"end":{"line":51,"column":1}},"1":{"start":{"line":6,"column":4},"end":{"line":50,"column":10}}},"fnMap":{"0":{"name":"(anonymous_0)","decl":{"start":{"line":5,"column":23},"end":{"line":5,"column":24}},"loc":{"start":{"line":6,"column":4},"end":{"line":50,"column":10}},"line":6}},"branchMap":{},"s":{"0":1,"1":2},"f":{"0":2},"b":{},"_coverageSchema":"1a1c01bbd47fc00a2c39e90264f33305004495a9","hash":"b315b0f45cf3ac5bf434ea40e9894a78467cf900"}
,"D:\\py\\otus\\pyweb\\course-site-front-react\\components\\indexPage\\HomeSection.js": {"path":"D:\\py\\otus\\pyweb\\course-site-front-react\\components\\indexPage\\HomeSection.js","statementMap":{"0":{"start":{"line":3,"column":20},"end":{"line":23,"column":1}},"1":{"start":{"line":4,"column":4},"end":{"line":22,"column":10}}},"fnMap":{"0":{"name":"(anonymous_0)","decl":{"start":{"line":3,"column":20},"end":{"line":3,"column":21}},"loc":{"start":{"line":4,"column":4},"end":{"line":22,"column":10}},"line":4}},"branchMap":{},"s":{"0":1,"1":2},"f":{"0":2},"b":{},"_coverageSchema":"1a1c01bbd47fc00a2c39e90264f33305004495a9","hash":"2bf756a3e8155146fc7b5149ca6ad5045e1b23ed"}
,"D:\\py\\otus\\pyweb\\course-site-front-react\\components\\indexPage\\PartnersSection.js": {"path":"D:\\py\\otus\\pyweb\\course-site-front-react\\components\\indexPage\\PartnersSection.js","statementMap":{"0":{"start":{"line":3,"column":24},"end":{"line":21,"column":1}},"1":{"start":{"line":4,"column":4},"end":{"line":20,"column":10}}},"fnMap":{"0":{"name":"(anonymous_0)","decl":{"start":{"line":3,"column":24},"end":{"line":3,"column":25}},"loc":{"start":{"line":4,"column":4},"end":{"line":20,"column":10}},"line":4}},"branchMap":{},"s":{"0":0,"1":0},"f":{"0":0},"b":{}}
,"D:\\py\\otus\\pyweb\\course-site-front-react\\components\\indexPage\\ReviewsSection.js": {"path":"D:\\py\\otus\\pyweb\\course-site-front-react\\components\\indexPage\\ReviewsSection.js","statementMap":{"0":{"start":{"line":4,"column":4},"end":{"line":4,"column":47}},"1":{"start":{"line":7,"column":23},"end":{"line":41,"column":1}},"2":{"start":{"line":8,"column":4},"end":{"line":40,"column":10}},"3":{"start":{"line":17,"column":24},"end":{"line":31,"column":30}}},"fnMap":{"0":{"name":"urlFor","decl":{"start":{"line":3,"column":9},"end":{"line":3,"column":15}},"loc":{"start":{"line":3,"column":25},"end":{"line":5,"column":1}},"line":3},"1":{"name":"(anonymous_1)","decl":{"start":{"line":7,"column":23},"end":{"line":7,"column":24}},"loc":{"start":{"line":8,"column":4},"end":{"line":40,"column":10}},"line":8},"2":{"name":"(anonymous_2)","decl":{"start":{"line":16,"column":39},"end":{"line":16,"column":40}},"loc":{"start":{"line":17,"column":24},"end":{"line":31,"column":30}},"line":17}},"branchMap":{"0":{"loc":{"start":{"line":20,"column":37},"end":{"line":20,"column":142}},"type":"cond-expr","locations":[{"start":{"line":20,"column":60},"end":{"line":20,"column":102}},{"start":{"line":20,"column":105},"end":{"line":20,"column":142}}],"line":20}},"s":{"0":0,"1":1,"2":2,"3":4},"f":{"0":0,"1":2,"2":4},"b":{"0":[0,4]},"_coverageSchema":"1a1c01bbd47fc00a2c39e90264f33305004495a9","hash":"410b65e0a6ac2530a6cb35b5c3763bb6cd3cae7c"}
,"D:\\py\\otus\\pyweb\\course-site-front-react\\components\\indexPage\\TeacherSection.js": {"path":"D:\\py\\otus\\pyweb\\course-site-front-react\\components\\indexPage\\TeacherSection.js","statementMap":{"0":{"start":{"line":5,"column":23},"end":{"line":40,"column":1}},"1":{"start":{"line":6,"column":4},"end":{"line":39,"column":10}},"2":{"start":{"line":18,"column":28},"end":{"line":24,"column":34}}},"fnMap":{"0":{"name":"(anonymous_0)","decl":{"start":{"line":5,"column":23},"end":{"line":5,"column":24}},"loc":{"start":{"line":6,"column":4},"end":{"line":39,"column":10}},"line":6},"1":{"name":"(anonymous_1)","decl":{"start":{"line":17,"column":44},"end":{"line":17,"column":45}},"loc":{"start":{"line":18,"column":28},"end":{"line":24,"column":34}},"line":18}},"branchMap":{"0":{"loc":{"start":{"line":21,"column":37},"end":{"line":21,"column":130}},"type":"cond-expr","locations":[{"start":{"line":21,"column":54},"end":{"line":21,"column":90}},{"start":{"line":21,"column":93},"end":{"line":21,"column":130}}],"line":21}},"s":{"0":1,"1":2,"2":6},"f":{"0":2,"1":6},"b":{"0":[0,6]},"_coverageSchema":"1a1c01bbd47fc00a2c39e90264f33305004495a9","hash":"2f0a18599ace5f7645f36041695eb8be0bef2d32"}
,"D:\\py\\otus\\pyweb\\course-site-front-react\\pages\\_app.js": {"path":"D:\\py\\otus\\pyweb\\course-site-front-react\\pages\\_app.js","statementMap":{"0":{"start":{"line":14,"column":12},"end":{"line":14,"column":28}},"1":{"start":{"line":15,"column":12},"end":{"line":21,"column":14}},"2":{"start":{"line":25,"column":52},"end":{"line":25,"column":62}},"3":{"start":{"line":26,"column":12},"end":{"line":30,"column":14}}},"fnMap":{"0":{"name":"(anonymous_0)","decl":{"start":{"line":13,"column":8},"end":{"line":13,"column":9}},"loc":{"start":{"line":13,"column":57},"end":{"line":22,"column":9}},"line":13},"1":{"name":"(anonymous_1)","decl":{"start":{"line":24,"column":8},"end":{"line":24,"column":9}},"loc":{"start":{"line":24,"column":17},"end":{"line":31,"column":9}},"line":24}},"branchMap":{"0":{"loc":{"start":{"line":17,"column":24},"end":{"line":19,"column":28}},"type":"cond-expr","locations":[{"start":{"line":18,"column":26},"end":{"line":18,"column":62}},{"start":{"line":19,"column":26},"end":{"line":19,"column":28}}],"line":17}},"s":{"0":0,"1":0,"2":0,"3":0},"f":{"0":0,"1":0},"b":{"0":[0,0]}}
,"D:\\py\\otus\\pyweb\\course-site-front-react\\pages\\_document.js": {"path":"D:\\py\\otus\\pyweb\\course-site-front-react\\pages\\_document.js","statementMap":{"0":{"start":{"line":5,"column":25},"end":{"line":5,"column":60}},"1":{"start":{"line":6,"column":4},"end":{"line":6,"column":31}},"2":{"start":{"line":10,"column":4},"end":{"line":20,"column":6}}},"fnMap":{"0":{"name":"(anonymous_0)","decl":{"start":{"line":4,"column":2},"end":{"line":4,"column":3}},"loc":{"start":{"line":4,"column":36},"end":{"line":7,"column":3}},"line":4},"1":{"name":"(anonymous_1)","decl":{"start":{"line":9,"column":2},"end":{"line":9,"column":3}},"loc":{"start":{"line":9,"column":11},"end":{"line":21,"column":3}},"line":9}},"branchMap":{},"s":{"0":0,"1":0,"2":0},"f":{"0":0,"1":0},"b":{}}
,"D:\\py\\otus\\pyweb\\course-site-front-react\\pages\\_error.js": {"path":"D:\\py\\otus\\pyweb\\course-site-front-react\\pages\\_error.js","statementMap":{"0":{"start":{"line":2,"column":2},"end":{"line":8,"column":3}},"1":{"start":{"line":11,"column":0},"end":{"line":14,"column":2}},"2":{"start":{"line":12,"column":21},"end":{"line":12,"column":70}},"3":{"start":{"line":13,"column":2},"end":{"line":13,"column":23}}},"fnMap":{"0":{"name":"Error","decl":{"start":{"line":1,"column":9},"end":{"line":1,"column":14}},"loc":{"start":{"line":1,"column":31},"end":{"line":9,"column":1}},"line":1},"1":{"name":"(anonymous_1)","decl":{"start":{"line":11,"column":24},"end":{"line":11,"column":25}},"loc":{"start":{"line":11,"column":42},"end":{"line":14,"column":1}},"line":11}},"branchMap":{"0":{"loc":{"start":{"line":4,"column":7},"end":{"line":6,"column":39}},"type":"cond-expr","locations":[{"start":{"line":5,"column":10},"end":{"line":5,"column":53}},{"start":{"line":6,"column":10},"end":{"line":6,"column":39}}],"line":4},"1":{"loc":{"start":{"line":12,"column":21},"end":{"line":12,"column":70}},"type":"cond-expr","locations":[{"start":{"line":12,"column":27},"end":{"line":12,"column":41}},{"start":{"line":12,"column":44},"end":{"line":12,"column":70}}],"line":12},"2":{"loc":{"start":{"line":12,"column":44},"end":{"line":12,"column":70}},"type":"cond-expr","locations":[{"start":{"line":12,"column":50},"end":{"line":12,"column":64}},{"start":{"line":12,"column":67},"end":{"line":12,"column":70}}],"line":12}},"s":{"0":0,"1":0,"2":0,"3":0},"f":{"0":0,"1":0},"b":{"0":[0,0],"1":[0,0],"2":[0,0]}}
,"D:\\py\\otus\\pyweb\\course-site-front-react\\pages\\about.js": {"path":"D:\\py\\otus\\pyweb\\course-site-front-react\\pages\\about.js","statementMap":{"0":{"start":{"line":3,"column":14},"end":{"line":7,"column":1}},"1":{"start":{"line":4,"column":2},"end":{"line":6,"column":11}}},"fnMap":{"0":{"name":"(anonymous_0)","decl":{"start":{"line":3,"column":14},"end":{"line":3,"column":15}},"loc":{"start":{"line":4,"column":2},"end":{"line":6,"column":11}},"line":4}},"branchMap":{},"s":{"0":0,"1":0},"f":{"0":0},"b":{}}
,"D:\\py\\otus\\pyweb\\course-site-front-react\\pages\\grade.js": {"path":"D:\\py\\otus\\pyweb\\course-site-front-react\\pages\\grade.js","statementMap":{"0":{"start":{"line":9,"column":14},"end":{"line":42,"column":1}},"1":{"start":{"line":10,"column":2},"end":{"line":41,"column":11}},"2":{"start":{"line":44,"column":0},"end":{"line":66,"column":2}},"3":{"start":{"line":45,"column":20},"end":{"line":45,"column":55}},"4":{"start":{"line":46,"column":21},"end":{"line":46,"column":39}},"5":{"start":{"line":47,"column":2},"end":{"line":65,"column":3}},"6":{"start":{"line":48,"column":21},"end":{"line":53,"column":6}},"7":{"start":{"line":54,"column":21},"end":{"line":54,"column":34}},"8":{"start":{"line":55,"column":25},"end":{"line":60,"column":6}},"9":{"start":{"line":61,"column":19},"end":{"line":61,"column":39}},"10":{"start":{"line":62,"column":4},"end":{"line":64,"column":6}},"11":{"start":{"line":68,"column":32},"end":{"line":68,"column":37}}},"fnMap":{"0":{"name":"(anonymous_0)","decl":{"start":{"line":9,"column":14},"end":{"line":9,"column":15}},"loc":{"start":{"line":10,"column":2},"end":{"line":41,"column":11}},"line":10},"1":{"name":"(anonymous_1)","decl":{"start":{"line":44,"column":24},"end":{"line":44,"column":25}},"loc":{"start":{"line":44,"column":39},"end":{"line":66,"column":1}},"line":44},"2":{"name":"(anonymous_2)","decl":{"start":{"line":68,"column":23},"end":{"line":68,"column":24}},"loc":{"start":{"line":68,"column":32},"end":{"line":68,"column":37}},"line":68}},"branchMap":{"0":{"loc":{"start":{"line":11,"column":5},"end":{"line":17,"column":25}},"type":"binary-expr","locations":[{"start":{"line":11,"column":6},"end":{"line":11,"column":12}},{"start":{"line":12,"column":6},"end":{"line":15,"column":12}},{"start":{"line":17,"column":4},"end":{"line":17,"column":25}}],"line":11},"1":{"loc":{"start":{"line":13,"column":9},"end":{"line":13,"column":62}},"type":"cond-expr","locations":[{"start":{"line":13,"column":17},"end":{"line":13,"column":55}},{"start":{"line":13,"column":58},"end":{"line":13,"column":62}}],"line":13},"2":{"loc":{"start":{"line":47,"column":2},"end":{"line":65,"column":3}},"type":"if","locations":[{"start":{"line":47,"column":2},"end":{"line":65,"column":3}},{"start":{"line":47,"column":2},"end":{"line":65,"column":3}}],"line":47}},"s":{"0":0,"1":0,"2":0,"3":0,"4":0,"5":0,"6":0,"7":0,"8":0,"9":0,"10":0,"11":0},"f":{"0":0,"1":0,"2":0},"b":{"0":[0,0,0],"1":[0,0],"2":[0,0]}}
,"D:\\py\\otus\\pyweb\\course-site-front-react\\pages\\group.js": {"path":"D:\\py\\otus\\pyweb\\course-site-front-react\\pages\\group.js","statementMap":{"0":{"start":{"line":9,"column":14},"end":{"line":50,"column":1}},"1":{"start":{"line":10,"column":2},"end":{"line":49,"column":4}},"2":{"start":{"line":52,"column":0},"end":{"line":67,"column":2}},"3":{"start":{"line":53,"column":20},"end":{"line":53,"column":55}},"4":{"start":{"line":54,"column":15},"end":{"line":54,"column":29}},"5":{"start":{"line":55,"column":2},"end":{"line":66,"column":3}},"6":{"start":{"line":56,"column":21},"end":{"line":61,"column":6}},"7":{"start":{"line":62,"column":18},"end":{"line":62,"column":31}},"8":{"start":{"line":63,"column":4},"end":{"line":65,"column":6}},"9":{"start":{"line":69,"column":32},"end":{"line":69,"column":37}}},"fnMap":{"0":{"name":"(anonymous_0)","decl":{"start":{"line":9,"column":14},"end":{"line":9,"column":15}},"loc":{"start":{"line":9,"column":29},"end":{"line":50,"column":1}},"line":9},"1":{"name":"(anonymous_1)","decl":{"start":{"line":52,"column":24},"end":{"line":52,"column":25}},"loc":{"start":{"line":52,"column":39},"end":{"line":67,"column":1}},"line":52},"2":{"name":"(anonymous_2)","decl":{"start":{"line":69,"column":23},"end":{"line":69,"column":24}},"loc":{"start":{"line":69,"column":32},"end":{"line":69,"column":37}},"line":69}},"branchMap":{"0":{"loc":{"start":{"line":12,"column":7},"end":{"line":24,"column":33}},"type":"binary-expr","locations":[{"start":{"line":12,"column":8},"end":{"line":12,"column":13}},{"start":{"line":13,"column":8},"end":{"line":23,"column":14}},{"start":{"line":24,"column":12},"end":{"line":24,"column":33}}],"line":12},"1":{"loc":{"start":{"line":55,"column":2},"end":{"line":66,"column":3}},"type":"if","locations":[{"start":{"line":55,"column":2},"end":{"line":66,"column":3}},{"start":{"line":55,"column":2},"end":{"line":66,"column":3}}],"line":55}},"s":{"0":0,"1":0,"2":0,"3":0,"4":0,"5":0,"6":0,"7":0,"8":0,"9":0},"f":{"0":0,"1":0,"2":0},"b":{"0":[0,0,0],"1":[0,0]}}
,"D:\\py\\otus\\pyweb\\course-site-front-react\\pages\\homework.js": {"path":"D:\\py\\otus\\pyweb\\course-site-front-react\\pages\\homework.js","statementMap":{"0":{"start":{"line":10,"column":4},"end":{"line":10,"column":17}},"1":{"start":{"line":11,"column":4},"end":{"line":15,"column":6}},"2":{"start":{"line":17,"column":17},"end":{"line":28,"column":3}},"3":{"start":{"line":18,"column":4},"end":{"line":18,"column":23}},"4":{"start":{"line":19,"column":21},"end":{"line":24,"column":6}},"5":{"start":{"line":25,"column":4},"end":{"line":27,"column":5}},"6":{"start":{"line":26,"column":6},"end":{"line":26,"column":43}},"7":{"start":{"line":30,"column":4},"end":{"line":70,"column":13}},"8":{"start":{"line":40,"column":40},"end":{"line":40,"column":91}},"9":{"start":{"line":74,"column":0},"end":{"line":90,"column":2}},"10":{"start":{"line":75,"column":20},"end":{"line":75,"column":55}},"11":{"start":{"line":76,"column":17},"end":{"line":76,"column":33}},"12":{"start":{"line":77,"column":16},"end":{"line":77,"column":31}},"13":{"start":{"line":78,"column":2},"end":{"line":89,"column":3}},"14":{"start":{"line":79,"column":21},"end":{"line":84,"column":6}},"15":{"start":{"line":85,"column":17},"end":{"line":85,"column":44}},"16":{"start":{"line":86,"column":4},"end":{"line":88,"column":6}},"17":{"start":{"line":92,"column":32},"end":{"line":92,"column":37}}},"fnMap":{"0":{"name":"(anonymous_0)","decl":{"start":{"line":9,"column":2},"end":{"line":9,"column":3}},"loc":{"start":{"line":9,"column":21},"end":{"line":16,"column":3}},"line":9},"1":{"name":"(anonymous_1)","decl":{"start":{"line":17,"column":17},"end":{"line":17,"column":18}},"loc":{"start":{"line":17,"column":30},"end":{"line":28,"column":3}},"line":17},"2":{"name":"(anonymous_2)","decl":{"start":{"line":29,"column":2},"end":{"line":29,"column":3}},"loc":{"start":{"line":29,"column":11},"end":{"line":71,"column":3}},"line":29},"3":{"name":"(anonymous_3)","decl":{"start":{"line":40,"column":35},"end":{"line":40,"column":36}},"loc":{"start":{"line":40,"column":40},"end":{"line":40,"column":91}},"line":40},"4":{"name":"(anonymous_4)","decl":{"start":{"line":74,"column":27},"end":{"line":74,"column":28}},"loc":{"start":{"line":74,"column":42},"end":{"line":90,"column":1}},"line":74},"5":{"name":"(anonymous_5)","decl":{"start":{"line":92,"column":23},"end":{"line":92,"column":24}},"loc":{"start":{"line":92,"column":32},"end":{"line":92,"column":37}},"line":92}},"branchMap":{"0":{"loc":{"start":{"line":25,"column":4},"end":{"line":27,"column":5}},"type":"if","locations":[{"start":{"line":25,"column":4},"end":{"line":27,"column":5}},{"start":{"line":25,"column":4},"end":{"line":27,"column":5}}],"line":25},"1":{"loc":{"start":{"line":31,"column":7},"end":{"line":46,"column":33}},"type":"binary-expr","locations":[{"start":{"line":31,"column":8},"end":{"line":31,"column":23}},{"start":{"line":32,"column":8},"end":{"line":45,"column":14}},{"start":{"line":46,"column":12},"end":{"line":46,"column":33}}],"line":31},"2":{"loc":{"start":{"line":78,"column":2},"end":{"line":89,"column":3}},"type":"if","locations":[{"start":{"line":78,"column":2},"end":{"line":89,"column":3}},{"start":{"line":78,"column":2},"end":{"line":89,"column":3}}],"line":78}},"s":{"0":0,"1":0,"2":0,"3":0,"4":0,"5":0,"6":0,"7":0,"8":0,"9":0,"10":0,"11":0,"12":0,"13":0,"14":0,"15":0,"16":0,"17":0},"f":{"0":0,"1":0,"2":0,"3":0,"4":0,"5":0},"b":{"0":[0,0],"1":[0,0,0],"2":[0,0]}}
,"D:\\py\\otus\\pyweb\\course-site-front-react\\pages\\index.js": {"path":"D:\\py\\otus\\pyweb\\course-site-front-react\\pages\\index.js","statementMap":{"0":{"start":{"line":12,"column":17},"end":{"line":29,"column":1}},"1":{"start":{"line":13,"column":4},"end":{"line":15,"column":5}},"2":{"start":{"line":14,"column":8},"end":{"line":14,"column":46}},"3":{"start":{"line":16,"column":4},"end":{"line":28,"column":13}},"4":{"start":{"line":31,"column":0},"end":{"line":37,"column":2}},"5":{"start":{"line":32,"column":16},"end":{"line":32,"column":74}},"6":{"start":{"line":33,"column":4},"end":{"line":33,"column":21}},"7":{"start":{"line":34,"column":22},"end":{"line":34,"column":67}},"8":{"start":{"line":35,"column":22},"end":{"line":35,"column":38}},"9":{"start":{"line":36,"column":4},"end":{"line":36,"column":36}}},"fnMap":{"0":{"name":"(anonymous_0)","decl":{"start":{"line":12,"column":17},"end":{"line":12,"column":18}},"loc":{"start":{"line":12,"column":45},"end":{"line":29,"column":1}},"line":12},"1":{"name":"(anonymous_1)","decl":{"start":{"line":31,"column":27},"end":{"line":31,"column":28}},"loc":{"start":{"line":31,"column":44},"end":{"line":37,"column":1}},"line":31}},"branchMap":{"0":{"loc":{"start":{"line":13,"column":4},"end":{"line":15,"column":5}},"type":"if","locations":[{"start":{"line":13,"column":4},"end":{"line":15,"column":5}},{"start":{"line":13,"column":4},"end":{"line":15,"column":5}}],"line":13},"1":{"loc":{"start":{"line":34,"column":22},"end":{"line":34,"column":67}},"type":"cond-expr","locations":[{"start":{"line":34,"column":45},"end":{"line":34,"column":59}},{"start":{"line":34,"column":62},"end":{"line":34,"column":67}}],"line":34}},"s":{"0":0,"1":0,"2":0,"3":0,"4":0,"5":0,"6":0,"7":0,"8":0,"9":0},"f":{"0":0,"1":0},"b":{"0":[0,0],"1":[0,0]}}
,"D:\\py\\otus\\pyweb\\course-site-front-react\\pages\\inner-sanctum.js": {"path":"D:\\py\\otus\\pyweb\\course-site-front-react\\pages\\inner-sanctum.js","statementMap":{"0":{"start":{"line":9,"column":21},"end":{"line":78,"column":1}},"1":{"start":{"line":10,"column":2},"end":{"line":77,"column":4}},"2":{"start":{"line":22,"column":18},"end":{"line":46,"column":24}},"3":{"start":{"line":27,"column":24},"end":{"line":43,"column":30}},"4":{"start":{"line":80,"column":0},"end":{"line":95,"column":2}},"5":{"start":{"line":81,"column":20},"end":{"line":81,"column":55}},"6":{"start":{"line":82,"column":15},"end":{"line":82,"column":29}},"7":{"start":{"line":83,"column":2},"end":{"line":94,"column":3}},"8":{"start":{"line":84,"column":21},"end":{"line":89,"column":6}},"9":{"start":{"line":90,"column":18},"end":{"line":90,"column":31}},"10":{"start":{"line":91,"column":4},"end":{"line":93,"column":6}},"11":{"start":{"line":97,"column":32},"end":{"line":97,"column":37}}},"fnMap":{"0":{"name":"(anonymous_0)","decl":{"start":{"line":9,"column":21},"end":{"line":9,"column":22}},"loc":{"start":{"line":9,"column":36},"end":{"line":78,"column":1}},"line":9},"1":{"name":"(anonymous_1)","decl":{"start":{"line":21,"column":34},"end":{"line":21,"column":35}},"loc":{"start":{"line":22,"column":18},"end":{"line":46,"column":24}},"line":22},"2":{"name":"(anonymous_2)","decl":{"start":{"line":26,"column":42},"end":{"line":26,"column":43}},"loc":{"start":{"line":27,"column":24},"end":{"line":43,"column":30}},"line":27},"3":{"name":"(anonymous_3)","decl":{"start":{"line":80,"column":31},"end":{"line":80,"column":32}},"loc":{"start":{"line":80,"column":46},"end":{"line":95,"column":1}},"line":80},"4":{"name":"(anonymous_4)","decl":{"start":{"line":97,"column":23},"end":{"line":97,"column":24}},"loc":{"start":{"line":97,"column":32},"end":{"line":97,"column":37}},"line":97}},"branchMap":{"0":{"loc":{"start":{"line":12,"column":7},"end":{"line":52,"column":33}},"type":"binary-expr","locations":[{"start":{"line":12,"column":8},"end":{"line":12,"column":13}},{"start":{"line":13,"column":8},"end":{"line":51,"column":14}},{"start":{"line":52,"column":12},"end":{"line":52,"column":33}}],"line":12},"1":{"loc":{"start":{"line":83,"column":2},"end":{"line":94,"column":3}},"type":"if","locations":[{"start":{"line":83,"column":2},"end":{"line":94,"column":3}},{"start":{"line":83,"column":2},"end":{"line":94,"column":3}}],"line":83}},"s":{"0":0,"1":0,"2":0,"3":0,"4":0,"5":0,"6":0,"7":0,"8":0,"9":0,"10":0,"11":0},"f":{"0":0,"1":0,"2":0,"3":0,"4":0},"b":{"0":[0,0,0],"1":[0,0]}}
,"D:\\py\\otus\\pyweb\\course-site-front-react\\pages\\my-courses.js": {"path":"D:\\py\\otus\\pyweb\\course-site-front-react\\pages\\my-courses.js","statementMap":{"0":{"start":{"line":11,"column":25},"end":{"line":47,"column":1}},"1":{"start":{"line":12,"column":2},"end":{"line":46,"column":11}},"2":{"start":{"line":49,"column":0},"end":{"line":63,"column":2}},"3":{"start":{"line":50,"column":20},"end":{"line":50,"column":55}},"4":{"start":{"line":51,"column":2},"end":{"line":62,"column":3}},"5":{"start":{"line":52,"column":21},"end":{"line":57,"column":6}},"6":{"start":{"line":58,"column":17},"end":{"line":58,"column":41}},"7":{"start":{"line":59,"column":4},"end":{"line":61,"column":6}},"8":{"start":{"line":65,"column":32},"end":{"line":65,"column":37}}},"fnMap":{"0":{"name":"(anonymous_0)","decl":{"start":{"line":11,"column":25},"end":{"line":11,"column":26}},"loc":{"start":{"line":12,"column":2},"end":{"line":46,"column":11}},"line":12},"1":{"name":"(anonymous_1)","decl":{"start":{"line":49,"column":28},"end":{"line":49,"column":29}},"loc":{"start":{"line":49,"column":41},"end":{"line":63,"column":1}},"line":49},"2":{"name":"(anonymous_2)","decl":{"start":{"line":65,"column":23},"end":{"line":65,"column":24}},"loc":{"start":{"line":65,"column":32},"end":{"line":65,"column":37}},"line":65}},"branchMap":{"0":{"loc":{"start":{"line":13,"column":5},"end":{"line":22,"column":31}},"type":"binary-expr","locations":[{"start":{"line":13,"column":6},"end":{"line":13,"column":10}},{"start":{"line":14,"column":6},"end":{"line":21,"column":12}},{"start":{"line":22,"column":10},"end":{"line":22,"column":31}}],"line":13},"1":{"loc":{"start":{"line":15,"column":9},"end":{"line":15,"column":62}},"type":"cond-expr","locations":[{"start":{"line":15,"column":17},"end":{"line":15,"column":55}},{"start":{"line":15,"column":58},"end":{"line":15,"column":62}}],"line":15},"2":{"loc":{"start":{"line":17,"column":11},"end":{"line":17,"column":96}},"type":"cond-expr","locations":[{"start":{"line":17,"column":34},"end":{"line":17,"column":91}},{"start":{"line":17,"column":94},"end":{"line":17,"column":96}}],"line":17},"3":{"loc":{"start":{"line":18,"column":11},"end":{"line":18,"column":95}},"type":"cond-expr","locations":[{"start":{"line":18,"column":34},"end":{"line":18,"column":90}},{"start":{"line":18,"column":93},"end":{"line":18,"column":95}}],"line":18},"4":{"loc":{"start":{"line":19,"column":11},"end":{"line":19,"column":57}},"type":"cond-expr","locations":[{"start":{"line":19,"column":34},"end":{"line":19,"column":52}},{"start":{"line":19,"column":55},"end":{"line":19,"column":57}}],"line":19},"5":{"loc":{"start":{"line":51,"column":2},"end":{"line":62,"column":3}},"type":"if","locations":[{"start":{"line":51,"column":2},"end":{"line":62,"column":3}},{"start":{"line":51,"column":2},"end":{"line":62,"column":3}}],"line":51}},"s":{"0":0,"1":0,"2":0,"3":0,"4":0,"5":0,"6":0,"7":0,"8":0},"f":{"0":0,"1":0,"2":0},"b":{"0":[0,0,0],"1":[0,0],"2":[0,0],"3":[0,0],"4":[0,0],"5":[0,0]}}
,"D:\\py\\otus\\pyweb\\course-site-front-react\\pages\\my-coursestest.js": {"path":"D:\\py\\otus\\pyweb\\course-site-front-react\\pages\\my-coursestest.js","statementMap":{},"fnMap":{},"branchMap":{},"s":{},"f":{},"b":{}}
,"D:\\py\\otus\\pyweb\\course-site-front-react\\pages\\profile.js": {"path":"D:\\py\\otus\\pyweb\\course-site-front-react\\pages\\profile.js","statementMap":{"0":{"start":{"line":9,"column":16},"end":{"line":78,"column":1}},"1":{"start":{"line":10,"column":2},"end":{"line":77,"column":11}},"2":{"start":{"line":80,"column":0},"end":{"line":94,"column":2}},"3":{"start":{"line":81,"column":20},"end":{"line":81,"column":55}},"4":{"start":{"line":82,"column":2},"end":{"line":93,"column":3}},"5":{"start":{"line":83,"column":21},"end":{"line":88,"column":6}},"6":{"start":{"line":89,"column":17},"end":{"line":89,"column":41}},"7":{"start":{"line":90,"column":4},"end":{"line":92,"column":6}},"8":{"start":{"line":96,"column":32},"end":{"line":96,"column":37}}},"fnMap":{"0":{"name":"(anonymous_0)","decl":{"start":{"line":9,"column":16},"end":{"line":9,"column":17}},"loc":{"start":{"line":10,"column":2},"end":{"line":77,"column":11}},"line":10},"1":{"name":"(anonymous_1)","decl":{"start":{"line":80,"column":26},"end":{"line":80,"column":27}},"loc":{"start":{"line":80,"column":39},"end":{"line":94,"column":1}},"line":80},"2":{"name":"(anonymous_2)","decl":{"start":{"line":96,"column":23},"end":{"line":96,"column":24}},"loc":{"start":{"line":96,"column":32},"end":{"line":96,"column":37}},"line":96}},"branchMap":{"0":{"loc":{"start":{"line":11,"column":5},"end":{"line":17,"column":25}},"type":"binary-expr","locations":[{"start":{"line":11,"column":6},"end":{"line":11,"column":10}},{"start":{"line":12,"column":6},"end":{"line":15,"column":12}},{"start":{"line":17,"column":4},"end":{"line":17,"column":25}}],"line":11},"1":{"loc":{"start":{"line":13,"column":9},"end":{"line":13,"column":62}},"type":"cond-expr","locations":[{"start":{"line":13,"column":17},"end":{"line":13,"column":55}},{"start":{"line":13,"column":58},"end":{"line":13,"column":62}}],"line":13},"2":{"loc":{"start":{"line":82,"column":2},"end":{"line":93,"column":3}},"type":"if","locations":[{"start":{"line":82,"column":2},"end":{"line":93,"column":3}},{"start":{"line":82,"column":2},"end":{"line":93,"column":3}}],"line":82}},"s":{"0":0,"1":0,"2":0,"3":0,"4":0,"5":0,"6":0,"7":0,"8":0},"f":{"0":0,"1":0,"2":0},"b":{"0":[0,0,0],"1":[0,0],"2":[0,0]}}
,"D:\\py\\otus\\pyweb\\course-site-front-react\\pages\\signin.js": {"path":"D:\\py\\otus\\pyweb\\course-site-front-react\\pages\\signin.js","statementMap":{"0":{"start":{"line":9,"column":4},"end":{"line":9,"column":17}},"1":{"start":{"line":10,"column":4},"end":{"line":13,"column":6}},"2":{"start":{"line":16,"column":4},"end":{"line":16,"column":23}},"3":{"start":{"line":17,"column":4},"end":{"line":20,"column":6}},"4":{"start":{"line":23,"column":4},"end":{"line":102,"column":14}},"5":{"start":{"line":34,"column":30},"end":{"line":34,"column":70}},"6":{"start":{"line":43,"column":30},"end":{"line":43,"column":73}},"7":{"start":{"line":107,"column":13},"end":{"line":107,"column":18}}},"fnMap":{"0":{"name":"(anonymous_0)","decl":{"start":{"line":8,"column":2},"end":{"line":8,"column":3}},"loc":{"start":{"line":8,"column":21},"end":{"line":14,"column":3}},"line":8},"1":{"name":"(anonymous_1)","decl":{"start":{"line":15,"column":2},"end":{"line":15,"column":3}},"loc":{"start":{"line":15,"column":18},"end":{"line":21,"column":3}},"line":15},"2":{"name":"(anonymous_2)","decl":{"start":{"line":22,"column":2},"end":{"line":22,"column":3}},"loc":{"start":{"line":22,"column":11},"end":{"line":103,"column":3}},"line":22},"3":{"name":"(anonymous_3)","decl":{"start":{"line":34,"column":25},"end":{"line":34,"column":26}},"loc":{"start":{"line":34,"column":30},"end":{"line":34,"column":70}},"line":34},"4":{"name":"(anonymous_4)","decl":{"start":{"line":43,"column":25},"end":{"line":43,"column":26}},"loc":{"start":{"line":43,"column":30},"end":{"line":43,"column":73}},"line":43},"5":{"name":"(anonymous_5)","decl":{"start":{"line":107,"column":4},"end":{"line":107,"column":5}},"loc":{"start":{"line":107,"column":13},"end":{"line":107,"column":18}},"line":107}},"branchMap":{},"s":{"0":0,"1":0,"2":0,"3":0,"4":0,"5":0,"6":0,"7":0},"f":{"0":0,"1":0,"2":0,"3":0,"4":0,"5":0},"b":{}}
,"D:\\py\\otus\\pyweb\\course-site-front-react\\pages\\signup.js": {"path":"D:\\py\\otus\\pyweb\\course-site-front-react\\pages\\signup.js","statementMap":{"0":{"start":{"line":10,"column":4},"end":{"line":10,"column":17}},"1":{"start":{"line":11,"column":4},"end":{"line":20,"column":6}},"2":{"start":{"line":24,"column":4},"end":{"line":24,"column":23}},"3":{"start":{"line":25,"column":4},"end":{"line":36,"column":6}},"4":{"start":{"line":39,"column":4},"end":{"line":192,"column":14}},"5":{"start":{"line":50,"column":30},"end":{"line":50,"column":75}},"6":{"start":{"line":59,"column":30},"end":{"line":59,"column":74}},"7":{"start":{"line":68,"column":30},"end":{"line":68,"column":70}},"8":{"start":{"line":77,"column":30},"end":{"line":77,"column":73}},"9":{"start":{"line":86,"column":30},"end":{"line":86,"column":77}},"10":{"start":{"line":95,"column":33},"end":{"line":98,"column":41}},"11":{"start":{"line":107,"column":33},"end":{"line":110,"column":41}},"12":{"start":{"line":119,"column":33},"end":{"line":122,"column":41}},"13":{"start":{"line":197,"column":13},"end":{"line":197,"column":18}}},"fnMap":{"0":{"name":"(anonymous_0)","decl":{"start":{"line":9,"column":2},"end":{"line":9,"column":3}},"loc":{"start":{"line":9,"column":21},"end":{"line":21,"column":3}},"line":9},"1":{"name":"(anonymous_1)","decl":{"start":{"line":23,"column":2},"end":{"line":23,"column":3}},"loc":{"start":{"line":23,"column":18},"end":{"line":37,"column":3}},"line":23},"2":{"name":"(anonymous_2)","decl":{"start":{"line":38,"column":2},"end":{"line":38,"column":3}},"loc":{"start":{"line":38,"column":11},"end":{"line":193,"column":3}},"line":38},"3":{"name":"(anonymous_3)","decl":{"start":{"line":50,"column":25},"end":{"line":50,"column":26}},"loc":{"start":{"line":50,"column":30},"end":{"line":50,"column":75}},"line":50},"4":{"name":"(anonymous_4)","decl":{"start":{"line":59,"column":25},"end":{"line":59,"column":26}},"loc":{"start":{"line":59,"column":30},"end":{"line":59,"column":74}},"line":59},"5":{"name":"(anonymous_5)","decl":{"start":{"line":68,"column":25},"end":{"line":68,"column":26}},"loc":{"start":{"line":68,"column":30},"end":{"line":68,"column":70}},"line":68},"6":{"name":"(anonymous_6)","decl":{"start":{"line":77,"column":25},"end":{"line":77,"column":26}},"loc":{"start":{"line":77,"column":30},"end":{"line":77,"column":73}},"line":77},"7":{"name":"(anonymous_7)","decl":{"start":{"line":86,"column":25},"end":{"line":86,"column":26}},"loc":{"start":{"line":86,"column":30},"end":{"line":86,"column":77}},"line":86},"8":{"name":"(anonymous_8)","decl":{"start":{"line":95,"column":28},"end":{"line":95,"column":29}},"loc":{"start":{"line":95,"column":33},"end":{"line":98,"column":41}},"line":95},"9":{"name":"(anonymous_9)","decl":{"start":{"line":107,"column":28},"end":{"line":107,"column":29}},"loc":{"start":{"line":107,"column":33},"end":{"line":110,"column":41}},"line":107},"10":{"name":"(anonymous_10)","decl":{"start":{"line":119,"column":28},"end":{"line":119,"column":29}},"loc":{"start":{"line":119,"column":33},"end":{"line":122,"column":41}},"line":119},"11":{"name":"(anonymous_11)","decl":{"start":{"line":197,"column":4},"end":{"line":197,"column":5}},"loc":{"start":{"line":197,"column":13},"end":{"line":197,"column":18}},"line":197}},"branchMap":{},"s":{"0":0,"1":0,"2":0,"3":0,"4":0,"5":0,"6":0,"7":0,"8":0,"9":0,"10":0,"11":0,"12":0,"13":0},"f":{"0":0,"1":0,"2":0,"3":0,"4":0,"5":0,"6":0,"7":0,"8":0,"9":0,"10":0,"11":0},"b":{}}
,"D:\\py\\otus\\pyweb\\course-site-front-react\\redux\\index.js": {"path":"D:\\py\\otus\\pyweb\\course-site-front-react\\redux\\index.js","statementMap":{"0":{"start":{"line":7,"column":25},"end":{"line":9,"column":1}},"1":{"start":{"line":8,"column":2},"end":{"line":8,"column":89}}},"fnMap":{"0":{"name":"(anonymous_0)","decl":{"start":{"line":7,"column":25},"end":{"line":7,"column":26}},"loc":{"start":{"line":7,"column":48},"end":{"line":9,"column":1}},"line":7}},"branchMap":{"0":{"loc":{"start":{"line":7,"column":26},"end":{"line":7,"column":43}},"type":"default-arg","locations":[{"start":{"line":7,"column":41},"end":{"line":7,"column":43}}],"line":7}},"s":{"0":0,"1":0},"f":{"0":0},"b":{"0":[0]}}
,"D:\\py\\otus\\pyweb\\course-site-front-react\\redux\\types.js": {"path":"D:\\py\\otus\\pyweb\\course-site-front-react\\redux\\types.js","statementMap":{"0":{"start":{"line":1,"column":24},"end":{"line":1,"column":34}},"1":{"start":{"line":2,"column":28},"end":{"line":2,"column":42}},"2":{"start":{"line":3,"column":30},"end":{"line":3,"column":46}},"3":{"start":{"line":4,"column":20},"end":{"line":4,"column":26}}},"fnMap":{},"branchMap":{},"s":{"0":0,"1":0,"2":0,"3":0},"f":{},"b":{}}
,"D:\\py\\otus\\pyweb\\course-site-front-react\\redux\\actions\\authActions.js": {"path":"D:\\py\\otus\\pyweb\\course-site-front-react\\redux\\actions\\authActions.js","statementMap":{"0":{"start":{"line":12,"column":17},"end":{"line":38,"column":1}},"1":{"start":{"line":13,"column":2},"end":{"line":15,"column":3}},"2":{"start":{"line":14,"column":4},"end":{"line":14,"column":39}},"3":{"start":{"line":16,"column":2},"end":{"line":37,"column":4}},"4":{"start":{"line":17,"column":4},"end":{"line":36,"column":11}},"5":{"start":{"line":19,"column":10},"end":{"line":19,"column":33}},"6":{"start":{"line":22,"column":10},"end":{"line":35,"column":11}},"7":{"start":{"line":24,"column":14},"end":{"line":24,"column":78}},"8":{"start":{"line":25,"column":14},"end":{"line":25,"column":20}},"9":{"start":{"line":27,"column":14},"end":{"line":27,"column":78}},"10":{"start":{"line":28,"column":14},"end":{"line":28,"column":20}},"11":{"start":{"line":30,"column":14},"end":{"line":30,"column":57}},"12":{"start":{"line":31,"column":14},"end":{"line":31,"column":20}},"13":{"start":{"line":33,"column":14},"end":{"line":33,"column":78}},"14":{"start":{"line":34,"column":14},"end":{"line":34,"column":20}},"15":{"start":{"line":41,"column":21},"end":{"line":71,"column":1}},"16":{"start":{"line":42,"column":2},"end":{"line":44,"column":3}},"17":{"start":{"line":43,"column":4},"end":{"line":43,"column":39}},"18":{"start":{"line":45,"column":2},"end":{"line":70,"column":4}},"19":{"start":{"line":46,"column":4},"end":{"line":69,"column":11}},"20":{"start":{"line":48,"column":10},"end":{"line":48,"column":51}},"21":{"start":{"line":49,"column":10},"end":{"line":49,"column":34}},"22":{"start":{"line":50,"column":10},"end":{"line":50,"column":72}},"23":{"start":{"line":53,"column":10},"end":{"line":68,"column":11}},"24":{"start":{"line":54,"column":12},"end":{"line":67,"column":13}},"25":{"start":{"line":56,"column":16},"end":{"line":56,"column":80}},"26":{"start":{"line":57,"column":16},"end":{"line":57,"column":22}},"27":{"start":{"line":59,"column":16},"end":{"line":59,"column":80}},"28":{"start":{"line":60,"column":16},"end":{"line":60,"column":22}},"29":{"start":{"line":62,"column":16},"end":{"line":62,"column":59}},"30":{"start":{"line":63,"column":16},"end":{"line":63,"column":22}},"31":{"start":{"line":65,"column":16},"end":{"line":65,"column":80}},"32":{"start":{"line":66,"column":16},"end":{"line":66,"column":22}},"33":{"start":{"line":74,"column":23},"end":{"line":78,"column":1}},"34":{"start":{"line":75,"column":2},"end":{"line":77,"column":4}},"35":{"start":{"line":76,"column":4},"end":{"line":76,"column":51}},"36":{"start":{"line":81,"column":23},"end":{"line":87,"column":1}},"37":{"start":{"line":82,"column":2},"end":{"line":86,"column":4}},"38":{"start":{"line":83,"column":4},"end":{"line":83,"column":26}},"39":{"start":{"line":84,"column":4},"end":{"line":84,"column":27}},"40":{"start":{"line":85,"column":4},"end":{"line":85,"column":37}},"41":{"start":{"line":89,"column":16},"end":{"line":120,"column":1}},"42":{"start":{"line":90,"column":2},"end":{"line":90,"column":21}},"43":{"start":{"line":91,"column":2},"end":{"line":119,"column":4}},"44":{"start":{"line":92,"column":4},"end":{"line":118,"column":11}},"45":{"start":{"line":97,"column":10},"end":{"line":97,"column":70}},"46":{"start":{"line":100,"column":10},"end":{"line":117,"column":11}},"47":{"start":{"line":102,"column":14},"end":{"line":102,"column":37}},"48":{"start":{"line":103,"column":14},"end":{"line":103,"column":20}},"49":{"start":{"line":105,"column":14},"end":{"line":105,"column":78}},"50":{"start":{"line":106,"column":14},"end":{"line":106,"column":20}},"51":{"start":{"line":108,"column":14},"end":{"line":108,"column":57}},"52":{"start":{"line":109,"column":14},"end":{"line":109,"column":20}},"53":{"start":{"line":111,"column":14},"end":{"line":111,"column":78}},"54":{"start":{"line":112,"column":14},"end":{"line":112,"column":31}},"55":{"start":{"line":113,"column":14},"end":{"line":113,"column":20}},"56":{"start":{"line":115,"column":14},"end":{"line":115,"column":78}},"57":{"start":{"line":116,"column":14},"end":{"line":116,"column":20}}},"fnMap":{"0":{"name":"(anonymous_0)","decl":{"start":{"line":12,"column":17},"end":{"line":12,"column":18}},"loc":{"start":{"line":12,"column":121},"end":{"line":38,"column":1}},"line":12},"1":{"name":"(anonymous_1)","decl":{"start":{"line":16,"column":9},"end":{"line":16,"column":10}},"loc":{"start":{"line":16,"column":23},"end":{"line":37,"column":3}},"line":16},"2":{"name":"(anonymous_2)","decl":{"start":{"line":18,"column":14},"end":{"line":18,"column":15}},"loc":{"start":{"line":18,"column":28},"end":{"line":20,"column":9}},"line":18},"3":{"name":"(anonymous_3)","decl":{"start":{"line":21,"column":15},"end":{"line":21,"column":16}},"loc":{"start":{"line":21,"column":26},"end":{"line":36,"column":9}},"line":21},"4":{"name":"(anonymous_4)","decl":{"start":{"line":41,"column":21},"end":{"line":41,"column":22}},"loc":{"start":{"line":41,"column":52},"end":{"line":71,"column":1}},"line":41},"5":{"name":"(anonymous_5)","decl":{"start":{"line":45,"column":9},"end":{"line":45,"column":10}},"loc":{"start":{"line":45,"column":23},"end":{"line":70,"column":3}},"line":45},"6":{"name":"(anonymous_6)","decl":{"start":{"line":47,"column":14},"end":{"line":47,"column":15}},"loc":{"start":{"line":47,"column":28},"end":{"line":51,"column":9}},"line":47},"7":{"name":"(anonymous_7)","decl":{"start":{"line":52,"column":15},"end":{"line":52,"column":16}},"loc":{"start":{"line":52,"column":26},"end":{"line":69,"column":9}},"line":52},"8":{"name":"(anonymous_8)","decl":{"start":{"line":74,"column":23},"end":{"line":74,"column":24}},"loc":{"start":{"line":74,"column":34},"end":{"line":78,"column":1}},"line":74},"9":{"name":"(anonymous_9)","decl":{"start":{"line":75,"column":9},"end":{"line":75,"column":10}},"loc":{"start":{"line":75,"column":23},"end":{"line":77,"column":3}},"line":75},"10":{"name":"(anonymous_10)","decl":{"start":{"line":81,"column":23},"end":{"line":81,"column":24}},"loc":{"start":{"line":81,"column":29},"end":{"line":87,"column":1}},"line":81},"11":{"name":"(anonymous_11)","decl":{"start":{"line":82,"column":9},"end":{"line":82,"column":10}},"loc":{"start":{"line":82,"column":23},"end":{"line":86,"column":3}},"line":82},"12":{"name":"(anonymous_12)","decl":{"start":{"line":89,"column":16},"end":{"line":89,"column":17}},"loc":{"start":{"line":89,"column":37},"end":{"line":120,"column":1}},"line":89},"13":{"name":"(anonymous_13)","decl":{"start":{"line":91,"column":9},"end":{"line":91,"column":10}},"loc":{"start":{"line":91,"column":23},"end":{"line":119,"column":3}},"line":91},"14":{"name":"(anonymous_14)","decl":{"start":{"line":96,"column":14},"end":{"line":96,"column":15}},"loc":{"start":{"line":96,"column":28},"end":{"line":98,"column":9}},"line":96},"15":{"name":"(anonymous_15)","decl":{"start":{"line":99,"column":15},"end":{"line":99,"column":16}},"loc":{"start":{"line":99,"column":26},"end":{"line":118,"column":9}},"line":99}},"branchMap":{"0":{"loc":{"start":{"line":13,"column":2},"end":{"line":15,"column":3}},"type":"if","locations":[{"start":{"line":13,"column":2},"end":{"line":15,"column":3}},{"start":{"line":13,"column":2},"end":{"line":15,"column":3}}],"line":13},"1":{"loc":{"start":{"line":22,"column":10},"end":{"line":35,"column":11}},"type":"switch","locations":[{"start":{"line":23,"column":12},"end":{"line":25,"column":20}},{"start":{"line":26,"column":12},"end":{"line":28,"column":20}},{"start":{"line":29,"column":12},"end":{"line":31,"column":20}},{"start":{"line":32,"column":12},"end":{"line":34,"column":20}}],"line":22},"2":{"loc":{"start":{"line":42,"column":2},"end":{"line":44,"column":3}},"type":"if","locations":[{"start":{"line":42,"column":2},"end":{"line":44,"column":3}},{"start":{"line":42,"column":2},"end":{"line":44,"column":3}}],"line":42},"3":{"loc":{"start":{"line":53,"column":10},"end":{"line":68,"column":11}},"type":"if","locations":[{"start":{"line":53,"column":10},"end":{"line":68,"column":11}},{"start":{"line":53,"column":10},"end":{"line":68,"column":11}}],"line":53},"4":{"loc":{"start":{"line":54,"column":12},"end":{"line":67,"column":13}},"type":"switch","locations":[{"start":{"line":55,"column":14},"end":{"line":57,"column":22}},{"start":{"line":58,"column":14},"end":{"line":60,"column":22}},{"start":{"line":61,"column":14},"end":{"line":63,"column":22}},{"start":{"line":64,"column":14},"end":{"line":66,"column":22}}],"line":54},"5":{"loc":{"start":{"line":100,"column":10},"end":{"line":117,"column":11}},"type":"switch","locations":[{"start":{"line":101,"column":12},"end":{"line":103,"column":20}},{"start":{"line":104,"column":12},"end":{"line":106,"column":20}},{"start":{"line":107,"column":12},"end":{"line":109,"column":20}},{"start":{"line":110,"column":12},"end":{"line":113,"column":20}},{"start":{"line":114,"column":12},"end":{"line":116,"column":20}}],"line":100}},"s":{"0":0,"1":0,"2":0,"3":0,"4":0,"5":0,"6":0,"7":0,"8":0,"9":0,"10":0,"11":0,"12":0,"13":0,"14":0,"15":0,"16":0,"17":0,"18":0,"19":0,"20":0,"21":0,"22":0,"23":0,"24":0,"25":0,"26":0,"27":0,"28":0,"29":0,"30":0,"31":0,"32":0,"33":0,"34":0,"35":0,"36":0,"37":0,"38":0,"39":0,"40":0,"41":0,"42":0,"43":0,"44":0,"45":0,"46":0,"47":0,"48":0,"49":0,"50":0,"51":0,"52":0,"53":0,"54":0,"55":0,"56":0,"57":0},"f":{"0":0,"1":0,"2":0,"3":0,"4":0,"5":0,"6":0,"7":0,"8":0,"9":0,"10":0,"11":0,"12":0,"13":0,"14":0,"15":0},"b":{"0":[0,0],"1":[0,0,0,0],"2":[0,0],"3":[0,0],"4":[0,0,0,0],"5":[0,0,0,0,0]}}
,"D:\\py\\otus\\pyweb\\course-site-front-react\\redux\\actions\\index.js": {"path":"D:\\py\\otus\\pyweb\\course-site-front-react\\redux\\actions\\index.js","statementMap":{},"fnMap":{},"branchMap":{},"s":{},"f":{},"b":{}}
,"D:\\py\\otus\\pyweb\\course-site-front-react\\redux\\reducers\\authReducer.js": {"path":"D:\\py\\otus\\pyweb\\course-site-front-react\\redux\\reducers\\authReducer.js","statementMap":{"0":{"start":{"line":3,"column":21},"end":{"line":6,"column":1}},"1":{"start":{"line":9,"column":2},"end":{"line":18,"column":3}},"2":{"start":{"line":11,"column":6},"end":{"line":11,"column":65}},"3":{"start":{"line":13,"column":6},"end":{"line":13,"column":64}},"4":{"start":{"line":15,"column":6},"end":{"line":15,"column":29}},"5":{"start":{"line":17,"column":6},"end":{"line":17,"column":19}}},"fnMap":{"0":{"name":"(anonymous_0)","decl":{"start":{"line":8,"column":15},"end":{"line":8,"column":16}},"loc":{"start":{"line":8,"column":49},"end":{"line":19,"column":1}},"line":8}},"branchMap":{"0":{"loc":{"start":{"line":8,"column":16},"end":{"line":8,"column":36}},"type":"default-arg","locations":[{"start":{"line":8,"column":24},"end":{"line":8,"column":36}}],"line":8},"1":{"loc":{"start":{"line":9,"column":2},"end":{"line":18,"column":3}},"type":"switch","locations":[{"start":{"line":10,"column":4},"end":{"line":11,"column":65}},{"start":{"line":12,"column":4},"end":{"line":13,"column":64}},{"start":{"line":14,"column":4},"end":{"line":15,"column":29}},{"start":{"line":16,"column":4},"end":{"line":17,"column":19}}],"line":9}},"s":{"0":0,"1":0,"2":0,"3":0,"4":0,"5":0},"f":{"0":0},"b":{"0":[0],"1":[0,0,0,0]}}
,"D:\\py\\otus\\pyweb\\course-site-front-react\\redux\\reducers\\index.js": {"path":"D:\\py\\otus\\pyweb\\course-site-front-react\\redux\\reducers\\index.js","statementMap":{"0":{"start":{"line":4,"column":20},"end":{"line":6,"column":2}}},"fnMap":{},"branchMap":{},"s":{"0":0},"f":{},"b":{}}
,"D:\\py\\otus\\pyweb\\course-site-front-react\\services\\auth_token.js": {"path":"D:\\py\\otus\\pyweb\\course-site-front-react\\services\\auth_token.js","statementMap":{"0":{"start":{"line":6,"column":8},"end":{"line":6,"column":27}},"1":{"start":{"line":7,"column":8},"end":{"line":7,"column":52}},"2":{"start":{"line":8,"column":8},"end":{"line":12,"column":21}},"3":{"start":{"line":9,"column":12},"end":{"line":10,"column":53}},"4":{"start":{"line":10,"column":16},"end":{"line":10,"column":53}},"5":{"start":{"line":15,"column":8},"end":{"line":15,"column":54}},"6":{"start":{"line":18,"column":8},"end":{"line":18,"column":43}},"7":{"start":{"line":21,"column":8},"end":{"line":21,"column":31}},"8":{"start":{"line":24,"column":8},"end":{"line":24,"column":35}}},"fnMap":{"0":{"name":"(anonymous_0)","decl":{"start":{"line":5,"column":4},"end":{"line":5,"column":5}},"loc":{"start":{"line":5,"column":23},"end":{"line":13,"column":5}},"line":5},"1":{"name":"(anonymous_1)","decl":{"start":{"line":14,"column":4},"end":{"line":14,"column":5}},"loc":{"start":{"line":14,"column":20},"end":{"line":16,"column":5}},"line":14},"2":{"name":"(anonymous_2)","decl":{"start":{"line":17,"column":4},"end":{"line":17,"column":5}},"loc":{"start":{"line":17,"column":20},"end":{"line":19,"column":5}},"line":17},"3":{"name":"(anonymous_3)","decl":{"start":{"line":20,"column":4},"end":{"line":20,"column":5}},"loc":{"start":{"line":20,"column":26},"end":{"line":22,"column":5}},"line":20},"4":{"name":"(anonymous_4)","decl":{"start":{"line":23,"column":4},"end":{"line":23,"column":5}},"loc":{"start":{"line":23,"column":30},"end":{"line":25,"column":5}},"line":23}},"branchMap":{"0":{"loc":{"start":{"line":9,"column":12},"end":{"line":10,"column":53}},"type":"if","locations":[{"start":{"line":9,"column":12},"end":{"line":10,"column":53}},{"start":{"line":9,"column":12},"end":{"line":10,"column":53}}],"line":9}},"s":{"0":0,"1":0,"2":0,"3":0,"4":0,"5":0,"6":0,"7":0,"8":0},"f":{"0":0,"1":0,"2":0,"3":0,"4":0},"b":{"0":[0,0]}}
,"D:\\py\\otus\\pyweb\\course-site-front-react\\services\\cookie.js": {"path":"D:\\py\\otus\\pyweb\\course-site-front-react\\services\\cookie.js","statementMap":{"0":{"start":{"line":3,"column":18},"end":{"line":3,"column":65}},"1":{"start":{"line":5,"column":25},"end":{"line":12,"column":1}},"2":{"start":{"line":6,"column":2},"end":{"line":11,"column":3}},"3":{"start":{"line":7,"column":4},"end":{"line":10,"column":7}},"4":{"start":{"line":14,"column":28},"end":{"line":21,"column":1}},"5":{"start":{"line":15,"column":2},"end":{"line":20,"column":3}},"6":{"start":{"line":16,"column":4},"end":{"line":19,"column":7}},"7":{"start":{"line":23,"column":25},"end":{"line":27,"column":1}},"8":{"start":{"line":24,"column":2},"end":{"line":26,"column":36}},"9":{"start":{"line":29,"column":29},"end":{"line":31,"column":1}},"10":{"start":{"line":30,"column":2},"end":{"line":30,"column":25}},"11":{"start":{"line":33,"column":28},"end":{"line":44,"column":1}},"12":{"start":{"line":34,"column":2},"end":{"line":36,"column":3}},"13":{"start":{"line":35,"column":4},"end":{"line":35,"column":21}},"14":{"start":{"line":37,"column":20},"end":{"line":39,"column":46}},"15":{"start":{"line":39,"column":15},"end":{"line":39,"column":45}},"16":{"start":{"line":40,"column":2},"end":{"line":42,"column":3}},"17":{"start":{"line":41,"column":4},"end":{"line":41,"column":21}},"18":{"start":{"line":43,"column":2},"end":{"line":43,"column":33}}},"fnMap":{"0":{"name":"(anonymous_0)","decl":{"start":{"line":5,"column":25},"end":{"line":5,"column":26}},"loc":{"start":{"line":5,"column":41},"end":{"line":12,"column":1}},"line":5},"1":{"name":"(anonymous_1)","decl":{"start":{"line":14,"column":28},"end":{"line":14,"column":29}},"loc":{"start":{"line":14,"column":37},"end":{"line":21,"column":1}},"line":14},"2":{"name":"(anonymous_2)","decl":{"start":{"line":23,"column":25},"end":{"line":23,"column":26}},"loc":{"start":{"line":23,"column":39},"end":{"line":27,"column":1}},"line":23},"3":{"name":"(anonymous_3)","decl":{"start":{"line":29,"column":29},"end":{"line":29,"column":30}},"loc":{"start":{"line":29,"column":36},"end":{"line":31,"column":1}},"line":29},"4":{"name":"(anonymous_4)","decl":{"start":{"line":33,"column":28},"end":{"line":33,"column":29}},"loc":{"start":{"line":33,"column":42},"end":{"line":44,"column":1}},"line":33},"5":{"name":"(anonymous_5)","decl":{"start":{"line":39,"column":10},"end":{"line":39,"column":11}},"loc":{"start":{"line":39,"column":15},"end":{"line":39,"column":45}},"line":39}},"branchMap":{"0":{"loc":{"start":{"line":6,"column":2},"end":{"line":11,"column":3}},"type":"if","locations":[{"start":{"line":6,"column":2},"end":{"line":11,"column":3}},{"start":{"line":6,"column":2},"end":{"line":11,"column":3}}],"line":6},"1":{"loc":{"start":{"line":15,"column":2},"end":{"line":20,"column":3}},"type":"if","locations":[{"start":{"line":15,"column":2},"end":{"line":20,"column":3}},{"start":{"line":15,"column":2},"end":{"line":20,"column":3}}],"line":15},"2":{"loc":{"start":{"line":24,"column":9},"end":{"line":26,"column":35}},"type":"cond-expr","locations":[{"start":{"line":25,"column":6},"end":{"line":25,"column":31}},{"start":{"line":26,"column":6},"end":{"line":26,"column":35}}],"line":24},"3":{"loc":{"start":{"line":34,"column":2},"end":{"line":36,"column":3}},"type":"if","locations":[{"start":{"line":34,"column":2},"end":{"line":36,"column":3}},{"start":{"line":34,"column":2},"end":{"line":36,"column":3}}],"line":34},"4":{"loc":{"start":{"line":40,"column":2},"end":{"line":42,"column":3}},"type":"if","locations":[{"start":{"line":40,"column":2},"end":{"line":42,"column":3}},{"start":{"line":40,"column":2},"end":{"line":42,"column":3}}],"line":40}},"s":{"0":0,"1":0,"2":0,"3":0,"4":0,"5":0,"6":0,"7":0,"8":0,"9":0,"10":0,"11":0,"12":0,"13":0,"14":0,"15":0,"16":0,"17":0,"18":0},"f":{"0":0,"1":0,"2":0,"3":0,"4":0,"5":0},"b":{"0":[0,0],"1":[0,0],"2":[0,0],"3":[0,0],"4":[0,0]}}
,"D:\\py\\otus\\pyweb\\course-site-front-react\\services\\error.js": {"path":"D:\\py\\otus\\pyweb\\course-site-front-react\\services\\error.js","statementMap":{"0":{"start":{"line":3,"column":2},"end":{"line":3,"column":36}},"1":{"start":{"line":4,"column":16},"end":{"line":4,"column":86}},"2":{"start":{"line":6,"column":2},"end":{"line":20,"column":3}},"3":{"start":{"line":9,"column":4},"end":{"line":9,"column":70}},"4":{"start":{"line":10,"column":4},"end":{"line":10,"column":37}},"5":{"start":{"line":11,"column":4},"end":{"line":11,"column":46}},"6":{"start":{"line":13,"column":4},"end":{"line":13,"column":67}},"7":{"start":{"line":14,"column":9},"end":{"line":20,"column":3}},"8":{"start":{"line":18,"column":4},"end":{"line":18,"column":29}},"9":{"start":{"line":19,"column":4},"end":{"line":19,"column":67}},"10":{"start":{"line":21,"column":2},"end":{"line":21,"column":28}}},"fnMap":{"0":{"name":"catchAxiosError","decl":{"start":{"line":1,"column":16},"end":{"line":1,"column":31}},"loc":{"start":{"line":1,"column":37},"end":{"line":22,"column":1}},"line":1}},"branchMap":{"0":{"loc":{"start":{"line":6,"column":2},"end":{"line":20,"column":3}},"type":"if","locations":[{"start":{"line":6,"column":2},"end":{"line":20,"column":3}},{"start":{"line":6,"column":2},"end":{"line":20,"column":3}}],"line":6},"1":{"loc":{"start":{"line":14,"column":9},"end":{"line":20,"column":3}},"type":"if","locations":[{"start":{"line":14,"column":9},"end":{"line":20,"column":3}},{"start":{"line":14,"column":9},"end":{"line":20,"column":3}}],"line":14}},"s":{"0":0,"1":0,"2":0,"3":0,"4":0,"5":0,"6":0,"7":0,"8":0,"9":0,"10":0},"f":{"0":0},"b":{"0":[0,0],"1":[0,0]}}
,"D:\\py\\otus\\pyweb\\course-site-front-react\\services\\initialize.js": {"path":"D:\\py\\otus\\pyweb\\course-site-front-react\\services\\initialize.js","statementMap":{"0":{"start":{"line":10,"column":2},"end":{"line":29,"column":3}},"1":{"start":{"line":11,"column":4},"end":{"line":16,"column":5}},"2":{"start":{"line":12,"column":20},"end":{"line":12,"column":47}},"3":{"start":{"line":13,"column":6},"end":{"line":15,"column":7}},"4":{"start":{"line":14,"column":8},"end":{"line":14,"column":58}},"5":{"start":{"line":18,"column":18},"end":{"line":18,"column":59}},"6":{"start":{"line":20,"column":17},"end":{"line":20,"column":37}},"7":{"start":{"line":21,"column":4},"end":{"line":23,"column":5}},"8":{"start":{"line":22,"column":6},"end":{"line":22,"column":51}},"9":{"start":{"line":24,"column":4},"end":{"line":28,"column":5}},"10":{"start":{"line":25,"column":6},"end":{"line":27,"column":12}},"11":{"start":{"line":26,"column":8},"end":{"line":26,"column":25}}},"fnMap":{"0":{"name":"(anonymous_0)","decl":{"start":{"line":8,"column":15},"end":{"line":8,"column":16}},"loc":{"start":{"line":8,"column":29},"end":{"line":31,"column":1}},"line":8},"1":{"name":"(anonymous_1)","decl":{"start":{"line":25,"column":17},"end":{"line":25,"column":18}},"loc":{"start":{"line":25,"column":28},"end":{"line":27,"column":7}},"line":25}},"branchMap":{"0":{"loc":{"start":{"line":10,"column":2},"end":{"line":29,"column":3}},"type":"if","locations":[{"start":{"line":10,"column":2},"end":{"line":29,"column":3}},{"start":{"line":10,"column":2},"end":{"line":29,"column":3}}],"line":10},"1":{"loc":{"start":{"line":11,"column":4},"end":{"line":16,"column":5}},"type":"if","locations":[{"start":{"line":11,"column":4},"end":{"line":16,"column":5}},{"start":{"line":11,"column":4},"end":{"line":16,"column":5}}],"line":11},"2":{"loc":{"start":{"line":13,"column":6},"end":{"line":15,"column":7}},"type":"if","locations":[{"start":{"line":13,"column":6},"end":{"line":15,"column":7}},{"start":{"line":13,"column":6},"end":{"line":15,"column":7}}],"line":13},"3":{"loc":{"start":{"line":21,"column":4},"end":{"line":23,"column":5}},"type":"if","locations":[{"start":{"line":21,"column":4},"end":{"line":23,"column":5}},{"start":{"line":21,"column":4},"end":{"line":23,"column":5}}],"line":21},"4":{"loc":{"start":{"line":21,"column":8},"end":{"line":21,"column":31}},"type":"binary-expr","locations":[{"start":{"line":21,"column":8},"end":{"line":21,"column":13}},{"start":{"line":21,"column":17},"end":{"line":21,"column":31}}],"line":21},"5":{"loc":{"start":{"line":24,"column":4},"end":{"line":28,"column":5}},"type":"if","locations":[{"start":{"line":24,"column":4},"end":{"line":28,"column":5}},{"start":{"line":24,"column":4},"end":{"line":28,"column":5}}],"line":24},"6":{"loc":{"start":{"line":24,"column":7},"end":{"line":24,"column":74}},"type":"binary-expr","locations":[{"start":{"line":24,"column":7},"end":{"line":24,"column":12}},{"start":{"line":24,"column":17},"end":{"line":24,"column":43}},{"start":{"line":24,"column":47},"end":{"line":24,"column":73}}],"line":24}},"s":{"0":0,"1":0,"2":0,"3":0,"4":0,"5":0,"6":0,"7":0,"8":0,"9":0,"10":0,"11":0},"f":{"0":0,"1":0},"b":{"0":[0,0],"1":[0,0],"2":[0,0],"3":[0,0],"4":[0,0],"5":[0,0],"6":[0,0,0]}}
,"D:\\py\\otus\\pyweb\\course-site-front-react\\services\\login_service.js": {"path":"D:\\py\\otus\\pyweb\\course-site-front-react\\services\\login_service.js","statementMap":{"0":{"start":{"line":8,"column":23},"end":{"line":10,"column":1}},"1":{"start":{"line":13,"column":15},"end":{"line":13,"column":42}},"2":{"start":{"line":14,"column":14},"end":{"line":14,"column":76}},"3":{"start":{"line":15,"column":2},"end":{"line":19,"column":3}},"4":{"start":{"line":16,"column":4},"end":{"line":16,"column":21}},"5":{"start":{"line":17,"column":9},"end":{"line":19,"column":3}},"6":{"start":{"line":18,"column":4},"end":{"line":18,"column":41}},"7":{"start":{"line":20,"column":16},"end":{"line":20,"column":31}},"8":{"start":{"line":21,"column":23},"end":{"line":21,"column":39}},"9":{"start":{"line":24,"column":2},"end":{"line":30,"column":5}},"10":{"start":{"line":31,"column":2},"end":{"line":31,"column":32}}},"fnMap":{"0":{"name":"login","decl":{"start":{"line":12,"column":22},"end":{"line":12,"column":27}},"loc":{"start":{"line":12,"column":36},"end":{"line":32,"column":1}},"line":12}},"branchMap":{"0":{"loc":{"start":{"line":15,"column":2},"end":{"line":19,"column":3}},"type":"if","locations":[{"start":{"line":15,"column":2},"end":{"line":19,"column":3}},{"start":{"line":15,"column":2},"end":{"line":19,"column":3}}],"line":15},"1":{"loc":{"start":{"line":17,"column":9},"end":{"line":19,"column":3}},"type":"if","locations":[{"start":{"line":17,"column":9},"end":{"line":19,"column":3}},{"start":{"line":17,"column":9},"end":{"line":19,"column":3}}],"line":17},"2":{"loc":{"start":{"line":17,"column":13},"end":{"line":17,"column":42}},"type":"binary-expr","locations":[{"start":{"line":17,"column":13},"end":{"line":17,"column":22}},{"start":{"line":17,"column":26},"end":{"line":17,"column":42}}],"line":17}},"s":{"0":0,"1":0,"2":0,"3":0,"4":0,"5":0,"6":0,"7":0,"8":0,"9":0,"10":0},"f":{"0":0},"b":{"0":[0,0],"1":[0,0],"2":[0,0]}}
,"D:\\py\\otus\\pyweb\\course-site-front-react\\services\\redirect_service.js": {"path":"D:\\py\\otus\\pyweb\\course-site-front-react\\services\\redirect_service.js","statementMap":{"0":{"start":{"line":4,"column":31},"end":{"line":18,"column":1}},"1":{"start":{"line":6,"column":16},"end":{"line":6,"column":24}},"2":{"start":{"line":7,"column":2},"end":{"line":17,"column":3}},"3":{"start":{"line":10,"column":4},"end":{"line":12,"column":7}},"4":{"start":{"line":13,"column":4},"end":{"line":13,"column":17}},"5":{"start":{"line":16,"column":4},"end":{"line":16,"column":23}}},"fnMap":{"0":{"name":"(anonymous_0)","decl":{"start":{"line":4,"column":31},"end":{"line":4,"column":32}},"loc":{"start":{"line":4,"column":43},"end":{"line":18,"column":1}},"line":4}},"branchMap":{"0":{"loc":{"start":{"line":7,"column":2},"end":{"line":17,"column":3}},"type":"if","locations":[{"start":{"line":7,"column":2},"end":{"line":17,"column":3}},{"start":{"line":7,"column":2},"end":{"line":17,"column":3}}],"line":7}},"s":{"0":0,"1":0,"2":0,"3":0,"4":0,"5":0},"f":{"0":0},"b":{"0":[0,0]}}
,"D:\\py\\otus\\pyweb\\course-site-front-react\\services\\rest_service.js": {"path":"D:\\py\\otus\\pyweb\\course-site-front-react\\services\\rest_service.js","statementMap":{"0":{"start":{"line":5,"column":19},"end":{"line":7,"column":1}},"1":{"start":{"line":9,"column":30},"end":{"line":15,"column":1}},"2":{"start":{"line":17,"column":20},"end":{"line":19,"column":1}},"3":{"start":{"line":18,"column":2},"end":{"line":18,"column":66}},"4":{"start":{"line":21,"column":19},"end":{"line":27,"column":1}},"5":{"start":{"line":22,"column":22},"end":{"line":25,"column":3}},"6":{"start":{"line":26,"column":2},"end":{"line":26,"column":65}}},"fnMap":{"0":{"name":"(anonymous_0)","decl":{"start":{"line":17,"column":20},"end":{"line":17,"column":21}},"loc":{"start":{"line":17,"column":35},"end":{"line":19,"column":1}},"line":17},"1":{"name":"(anonymous_1)","decl":{"start":{"line":21,"column":19},"end":{"line":21,"column":20}},"loc":{"start":{"line":21,"column":47},"end":{"line":27,"column":1}},"line":21}},"branchMap":{"0":{"loc":{"start":{"line":21,"column":31},"end":{"line":21,"column":42}},"type":"default-arg","locations":[{"start":{"line":21,"column":40},"end":{"line":21,"column":42}}],"line":21}},"s":{"0":0,"1":0,"2":0,"3":0,"4":0,"5":0,"6":0},"f":{"0":0,"1":0},"b":{"0":[0]}}
,"D:\\py\\otus\\pyweb\\course-site-front-react\\services\\urlFor.js": {"path":"D:\\py\\otus\\pyweb\\course-site-front-react\\services\\urlFor.js","statementMap":{"0":{"start":{"line":2,"column":4},"end":{"line":2,"column":47}}},"fnMap":{"0":{"name":"urlFor","decl":{"start":{"line":1,"column":9},"end":{"line":1,"column":15}},"loc":{"start":{"line":1,"column":25},"end":{"line":3,"column":1}},"line":1}},"branchMap":{},"s":{"0":0},"f":{"0":0},"b":{},"_coverageSchema":"1a1c01bbd47fc00a2c39e90264f33305004495a9","hash":"92293756974778c2eaa4f8d5953e3cc9b2fc5a94"}
}
